Running evaluations on desktop9:
172.16.16.109 
/home/agbe/MAG/CentralityFairness/Evaluations/lenskit/util.py:45: NumbaDeprecationWarning: [1mThe 'numba.jitclass' decorator has moved to 'numba.experimental.jitclass' to better reflect the experimental nature of the functionality. Please update your imports to accommodate this change and see https://numba.pydata.org/numba-doc/latest/reference/deprecation.html#change-of-jitclass-location for the time frame.[0m
  @jitclass([
Evaluating /home/agbe/MAG/CentralityFairness/Evaluations/psychology.csv with sample size 1000 and centrality PageRank
Data size: 1109438
gender counts normalized: 1    0.524
0    0.476
Name: Gender, dtype: float64
gender counts: 1    524
0    476
Name: Gender, dtype: int64
sorted data.head():
               item      rank  PageRank05  ...  Gender   Rank  protected
49912    2132238517  0.000076    0.000061  ...       1  13346          0
1195547  1512035401  0.000050    0.000018  ...       1  15117          0
1448094  2116866843  0.000020    0.000012  ...       1  13699          0
462765   2142792255  0.000018    0.000012  ...       1  12743          0
1649481  1980542405  0.000014    0.000008  ...       1  13913          0

[5 rows x 10 columns]
Cannot find the normalizer txt file
Traceback (most recent call last):
  File "/home/agbe/MAG/CentralityFairness/Evaluations/Evaluator.py", line 59, in <module>
    eval.run_evaluations(metrics)
  File "/home/agbe/MAG/CentralityFairness/Evaluations/Evaluator.py", line 45, in run_evaluations
    print(m, calculateNDFairnes(recs=self.data, truth=[], metric=m, protected_varible='protected'))
  File "/home/agbe/MAG/CentralityFairness/Evaluations/lenskit/metrics/topnFair.py", line 60, in calculateNDFairnes
    _normalizer = getNormalizer(len(recs), len(_protected_group), _gf_measure)
  File "/home/agbe/MAG/CentralityFairness/Evaluations/lenskit/metrics/topnFair.py", line 312, in getNormalizer
    normalizer_dic=readNormalizerDictionary()
  File "/home/agbe/MAG/CentralityFairness/Evaluations/lenskit/metrics/topnFair.py", line 366, in readNormalizerDictionary
    for line in lines:
UnboundLocalError: local variable 'lines' referenced before assignment

real	0m25.994s
user	0m2.460s
sys	0m0.489s
