Running evaluations on desktop9:
172.16.16.109 
/home/agbe/MAG/CentralityFairness/Evaluations/lenskit/util.py:45: NumbaDeprecationWarning: [1mThe 'numba.jitclass' decorator has moved to 'numba.experimental.jitclass' to better reflect the experimental nature of the functionality. Please update your imports to accommodate this change and see https://numba.pydata.org/numba-doc/latest/reference/deprecation.html#change-of-jitclass-location for the time frame.[0m
  @jitclass([
Evaluating /home/agbe/MAG/CentralityFairness/Evaluations/psychology.csv with sample size None and centrality PageRank
Data size: 1109438
gender counts normalized:
1    0.521399
0    0.478601
Name: Gender, dtype: float64
gender counts:
1    578460
0    530978
Name: Gender, dtype: int64
sorted data.head():
               item      rank  PageRank05  ...  Gender   Rank  protected
1895323   968460832  0.001325    0.000528  ...       1  11308          0
1202609  2137065126  0.001166    0.000684  ...       1  11038          0
125279    467622467  0.000947    0.000436  ...       0  11565          1
2020262  1969121271  0.000683    0.000157  ...       1  12619          0
1698296  2157867866  0.000659    0.000352  ...       1  12516          0

[5 rows x 10 columns]
rND 0.16409726804038213
rKL 0.036622505168502774
rRD 0.24432267104600525
equal_ex 1.0869880618851169

real	6m32.636s
user	5m45.985s
sys	0m14.352s




/home/agbe/MAG/CentralityFairness/Evaluations/lenskit/util.py:45: NumbaDeprecationWarning: [1mThe 'numba.jitclass' decorator has moved to 'numba.experimental.jitclass' to better reflect the experimental nature of the functionality. Please update your imports to accommodate this change and see https://numba.pydata.org/numba-doc/latest/reference/deprecation.html#change-of-jitclass-location for the time frame.[0m
  @jitclass([
Evaluating /home/agbe/MAG/CentralityFairness/Evaluations/economics.csv with sample size None and centrality PageRank
Data size: 291347
gender counts normalized:
1    0.765084
0    0.234916
Name: Gender, dtype: float64
gender counts:
1    222905
0     68442
Name: Gender, dtype: int64
sorted data.head():
              item      rank  PageRank05  ...  Gender   Rank  protected
428521  2585687038  0.003172    0.001201  ...       1  10983          0
470158  2023750619  0.003157    0.001336  ...       1  10911          0
246673  1777097624  0.002855    0.001047  ...       1  11660          0
316750   548446481  0.002781    0.001139  ...       1  11378          0
473177  2293679170  0.002710    0.001003  ...       1  11693          0

[5 rows x 10 columns]
rND 0.11737865504827245
rKL 0.01942627274155766
rRD 0.23937577993732692
equal_ex 1.092213912778125

real	0m36.741s
user	0m16.655s
sys	0m0.588s




/home/agbe/MAG/CentralityFairness/Evaluations/lenskit/util.py:45: NumbaDeprecationWarning: [1mThe 'numba.jitclass' decorator has moved to 'numba.experimental.jitclass' to better reflect the experimental nature of the functionality. Please update your imports to accommodate this change and see https://numba.pydata.org/numba-doc/latest/reference/deprecation.html#change-of-jitclass-location for the time frame.[0m
  @jitclass([
Evaluating /home/agbe/MAG/CentralityFairness/Evaluations/mathematics.csv with sample size None and centrality PageRank
Data size: 674562
gender counts normalized:
1    0.808018
0    0.191982
Name: Gender, dtype: float64
gender counts:
1    545058
0    129504
Name: Gender, dtype: int64
sorted data.head():
               item      rank  PageRank05  ...  Gender   Rank  protected
1472514  2168430722  0.002349    0.000256  ...       1  12821          0
997757   2165277716  0.001388    0.000586  ...       1  11206          0
1395415  2247248564  0.001264    0.000466  ...       1  10718          0
1623574   440403676  0.000822    0.000084  ...       1  13632          0
714352   2009916527  0.000616    0.000409  ...       0  11668          1

[5 rows x 10 columns]
rND 0.12355284305726942
rKL 0.021806745785141874
rRD 0.2702470480274682
equal_ex 1.1185903630209004

real	0m50.623s
user	0m49.017s
sys	0m0.780s




/home/agbe/MAG/CentralityFairness/Evaluations/lenskit/util.py:45: NumbaDeprecationWarning: [1mThe 'numba.jitclass' decorator has moved to 'numba.experimental.jitclass' to better reflect the experimental nature of the functionality. Please update your imports to accommodate this change and see https://numba.pydata.org/numba-doc/latest/reference/deprecation.html#change-of-jitclass-location for the time frame.[0m
  @jitclass([
Evaluating /home/agbe/MAG/CentralityFairness/Evaluations/chemistry.csv with sample size None and centrality PageRank
Data size: 2879782
gender counts normalized:
1    0.697771
0    0.302229
Name: Gender, dtype: float64
gender counts:
1    2009427
0     870355
Name: Gender, dtype: int64
sorted data.head():
               item      rank  PageRank05  ...  Gender   Rank  protected
6482061  2264929133  0.000508    0.000246  ...       1  10219          0
4207039  2104781933  0.000369    0.000275  ...       0  11288          1
6287787   718104186  0.000313    0.000082  ...       1  11023          0
3084145  2125967371  0.000252    0.000077  ...       1  11624          0
833689   2155161321  0.000232    0.000072  ...       1  11799          0

[5 rows x 10 columns]
rND 0.1756893395191142
rKL 0.04005371866821713
rRD 0.31292655911498934
equal_ex 1.1484235428868352

real	23m42.436s
user	23m38.473s
sys	0m2.415s
