Running evaluations on desktop9:
172.16.16.109 
/home/agbe/MAG/CentralityFairness/Evaluations/lenskit/util.py:45: NumbaDeprecationWarning: [1mThe 'numba.jitclass' decorator has moved to 'numba.experimental.jitclass' to better reflect the experimental nature of the functionality. Please update your imports to accommodate this change and see https://numba.pydata.org/numba-doc/latest/reference/deprecation.html#change-of-jitclass-location for the time frame.[0m
  @jitclass([
Evaluating /home/agbe/MAG/CentralityFairness/Evaluations/psychology.csv with sample size 100000 and centrality PageRank
Data size: 1109438
gender counts normalized: 1    0.52122
0    0.47878
Name: Gender, dtype: float64
gender counts: 1    52122
0    47878
Name: Gender, dtype: int64
sorted data.head():
               item      rank  PageRank05  ...  Gender   Rank  protected
1202609  2137065126  0.001166    0.000684  ...       1  11038          0
995684   2116067072  0.000531    0.000275  ...       1  11410          0
256836   2132807450  0.000426    0.000118  ...       1  13184          0
294578   2067482803  0.000405    0.000159  ...       1  12352          0
618884    707188927  0.000351    0.000042  ...       1  14001          0

[5 rows x 10 columns]
rND 0.1585608774963616
rKL 0.03318037049359462
rRD 0.238339273933158
equal_ex 1.084730582719421

real	0m20.280s
user	0m6.319s
sys	0m0.458s
\n\n\n\n
/home/agbe/MAG/CentralityFairness/Evaluations/lenskit/util.py:45: NumbaDeprecationWarning: [1mThe 'numba.jitclass' decorator has moved to 'numba.experimental.jitclass' to better reflect the experimental nature of the functionality. Please update your imports to accommodate this change and see https://numba.pydata.org/numba-doc/latest/reference/deprecation.html#change-of-jitclass-location for the time frame.[0m
  @jitclass([
Evaluating /home/agbe/MAG/CentralityFairness/Evaluations/economics.csv with sample size 100000 and centrality PageRank
Data size: 291347
gender counts normalized: 1    0.76371
0    0.23629
Name: Gender, dtype: float64
gender counts: 1    76371
0    23629
Name: Gender, dtype: int64
sorted data.head():
              item      rank  PageRank05  ...  Gender   Rank  protected
470158  2023750619  0.003157    0.001336  ...       1  10911          0
316750   548446481  0.002781    0.001139  ...       1  11378          0
154776  2126675098  0.002272    0.001071  ...       1  11366          0
46951    290705619  0.002187    0.000858  ...       1  11164          0
528756  1958827600  0.001620    0.000665  ...       1  11898          0

[5 rows x 10 columns]
rND 0.11424366443528516
rKL 0.017522072740888902
rRD 0.2337075431498641
equal_ex 1.0913783650003357

real	0m5.142s
user	0m4.201s
sys	0m0.243s
