Running evaluations on desktop9:
172.16.16.109 
/home/agbe/MAG/CentralityFairness/Evaluations/lenskit/util.py:45: NumbaDeprecationWarning: [1mThe 'numba.jitclass' decorator has moved to 'numba.experimental.jitclass' to better reflect the experimental nature of the functionality. Please update your imports to accommodate this change and see https://numba.pydata.org/numba-doc/latest/reference/deprecation.html#change-of-jitclass-location for the time frame.[0m
  @jitclass([
Evaluating /home/agbe/MAG/CentralityFairness/Evaluations/psychology.csv with sample size None and centrality PageRank
Data size: 1109438
gender counts normalized: 1    0.521399
0    0.478601
Name: Gender, dtype: float64
gender counts: 1    578460
0    530978
Name: Gender, dtype: int64
sorted data.head():
               item      rank  PageRank05  ...  Gender   Rank  protected
1895323   968460832  0.001325    0.000528  ...       1  11308          0
1202609  2137065126  0.001166    0.000684  ...       1  11038          0
125279    467622467  0.000947    0.000436  ...       0  11565          1
2020262  1969121271  0.000683    0.000157  ...       1  12619          0
1698296  2157867866  0.000659    0.000352  ...       1  12516          0

[5 rows x 10 columns]
rND 0.16410650772098273
rKL 0.036622505168502774
rRD 0.24432267104600525
equal_ex 1.0869880618851169

real	6m20.013s
user	5m51.055s
sys	0m14.266s




/home/agbe/MAG/CentralityFairness/Evaluations/lenskit/util.py:45: NumbaDeprecationWarning: [1mThe 'numba.jitclass' decorator has moved to 'numba.experimental.jitclass' to better reflect the experimental nature of the functionality. Please update your imports to accommodate this change and see https://numba.pydata.org/numba-doc/latest/reference/deprecation.html#change-of-jitclass-location for the time frame.[0m
  @jitclass([
Evaluating /home/agbe/MAG/CentralityFairness/Evaluations/economics.csv with sample size None and centrality PageRank
Data size: 291347
gender counts normalized: 1    0.765084
0    0.234916
Name: Gender, dtype: float64
gender counts: 1    222905
0     68442
Name: Gender, dtype: int64
sorted data.head():
              item      rank  PageRank05  ...  Gender   Rank  protected
428521  2585687038  0.003172    0.001201  ...       1  10983          0
470158  2023750619  0.003157    0.001336  ...       1  10911          0
246673  1777097624  0.002855    0.001047  ...       1  11660          0
316750   548446481  0.002781    0.001139  ...       1  11378          0
473177  2293679170  0.002710    0.001003  ...       1  11693          0

[5 rows x 10 columns]
rND 0.1173554931988157
rKL 0.019427250266016615
rRD 0.23937577993732692
equal_ex 1.092213912778125

real	0m30.717s
user	0m16.327s
sys	0m0.549s




/home/agbe/MAG/CentralityFairness/Evaluations/lenskit/util.py:45: NumbaDeprecationWarning: [1mThe 'numba.jitclass' decorator has moved to 'numba.experimental.jitclass' to better reflect the experimental nature of the functionality. Please update your imports to accommodate this change and see https://numba.pydata.org/numba-doc/latest/reference/deprecation.html#change-of-jitclass-location for the time frame.[0m
  @jitclass([
Evaluating /home/agbe/MAG/CentralityFairness/Evaluations/mathematics.csv with sample size None and centrality PageRank
Data size: 674562
gender counts normalized: 1    0.808018
0    0.191982
Name: Gender, dtype: float64
gender counts: 1    545058
0    129504
Name: Gender, dtype: int64
sorted data.head():
               item      rank  PageRank05  ...  Gender   Rank  protected
1472514  2168430722  0.002349    0.000256  ...       1  12821          0
997757   2165277716  0.001388    0.000586  ...       1  11206          0
1395415  2247248564  0.001264    0.000466  ...       1  10718          0
1623574   440403676  0.000822    0.000084  ...       1  13632          0
714352   2009916527  0.000616    0.000409  ...       0  11668          1

[5 rows x 10 columns]
rND 0.12353063651799666
rKL 0.021808202036090962
rRD 0.2702470480274682
equal_ex 1.1185903630209004

real	0m50.103s
user	0m48.761s
sys	0m0.795s




/home/agbe/MAG/CentralityFairness/Evaluations/lenskit/util.py:45: NumbaDeprecationWarning: [1mThe 'numba.jitclass' decorator has moved to 'numba.experimental.jitclass' to better reflect the experimental nature of the functionality. Please update your imports to accommodate this change and see https://numba.pydata.org/numba-doc/latest/reference/deprecation.html#change-of-jitclass-location for the time frame.[0m
  @jitclass([
Evaluating /home/agbe/MAG/CentralityFairness/Evaluations/chemistry.csv with sample size 1000000 and centrality PageRank
Data size: 2879782
gender counts normalized: 1    0.6977
0    0.3023
Name: Gender, dtype: float64
gender counts: 1    697700
0    302300
Name: Gender, dtype: int64
sorted data.head():
               item      rank  PageRank05  ...  Gender   Rank  protected
6287787   718104186  0.000313    0.000082  ...       1  11023          0
5550790  2584512748  0.000211    0.000102  ...       1  11665          0
7252929   578343829  0.000163    0.000064  ...       1  11478          0
2096083   129045775  0.000162    0.000044  ...       1  12380          0
5349166  2168148505  0.000149    0.000051  ...       1  11683          0

[5 rows x 10 columns]
rND 0.17616539717452442
rKL 0.040381295394522246
rRD 0.31434197435426514
equal_ex 1.1485733103039821

real	3m24.548s
user	3m21.523s
sys	0m1.254s
