Running evaluations on desktop9:
172.16.16.109 
/home/agbe/MAG/CentralityFairness/Evaluations/lenskit/util.py:45: NumbaDeprecationWarning: [1mThe 'numba.jitclass' decorator has moved to 'numba.experimental.jitclass' to better reflect the experimental nature of the functionality. Please update your imports to accommodate this change and see https://numba.pydata.org/numba-doc/latest/reference/deprecation.html#change-of-jitclass-location for the time frame.[0m
  @jitclass([
Evaluating /home/agbe/MAG/CentralityFairness/Evaluations/psychology.csv with sample size 10000 and centrality PageRank
Data size: 1109438
gender counts normalized: 1    0.5211
0    0.4789
Name: Gender, dtype: float64
gender counts: 1    5211
0    4789
Name: Gender, dtype: int64
sorted data.head():
               item      rank  PageRank05  ...  Gender   Rank  protected
1320782  2009282981  0.000368    0.000171  ...       1  11764          0
423349   2167105932  0.000089    0.000044  ...       1  12959          0
1904142  2155714191  0.000085    0.000037  ...       1  12438          0
1076599  2108436817  0.000085    0.000078  ...       1  12067          0
460846   2117032040  0.000045    0.000009  ...       1  13651          0

[5 rows x 10 columns]
rND 0.12368022770034705
rKL 0.0182327630155984
rRD 0.19422934208613918
equal_ex 1.076759468329018

real	0m19.342s
user	0m2.576s
sys	0m0.415s
