Running evaluations on desktop9:
172.16.16.109 
/home/agbe/MAG/CentralityFairness/Evaluations/lenskit/util.py:45: NumbaDeprecationWarning: [1mThe 'numba.jitclass' decorator has moved to 'numba.experimental.jitclass' to better reflect the experimental nature of the functionality. Please update your imports to accommodate this change and see https://numba.pydata.org/numba-doc/latest/reference/deprecation.html#change-of-jitclass-location for the time frame.[0m
  @jitclass([
Evaluating /home/agbe/MAG/CentralityFairness/Evaluations/psychology.csv with sample size None and centrality PageRank
Data size: 1109438
gender counts normalized:
1    0.521399
0    0.478601
Name: Gender, dtype: float64
gender counts:
1    578460
0    530978
Name: Gender, dtype: int64
sorted data.head():
               item      rank  PageRank05  ...  Gender   Rank  protected
1895323   968460832  0.001325    0.000528  ...       1  11308          0
1202609  2137065126  0.001166    0.000684  ...       1  11038          0
125279    467622467  0.000947    0.000436  ...       0  11565          1
2020262  1969121271  0.000683    0.000157  ...       1  12619          0
1698296  2157867866  0.000659    0.000352  ...       1  12516          0

[5 rows x 10 columns]
rND 0.16407637022600047
rKL 0.036622505168502774
rRD 0.24432267104600525
equal_ex 1.0869880618851169

real	47m47.529s
user	45m58.007s
sys	1m5.549s




/home/agbe/MAG/CentralityFairness/Evaluations/lenskit/util.py:45: NumbaDeprecationWarning: [1mThe 'numba.jitclass' decorator has moved to 'numba.experimental.jitclass' to better reflect the experimental nature of the functionality. Please update your imports to accommodate this change and see https://numba.pydata.org/numba-doc/latest/reference/deprecation.html#change-of-jitclass-location for the time frame.[0m
  @jitclass([
Evaluating /home/agbe/MAG/CentralityFairness/Evaluations/economics.csv with sample size None and centrality PageRank
Data size: 291347
gender counts normalized:
1    0.765084
0    0.234916
Name: Gender, dtype: float64
gender counts:
1    222905
0     68442
Name: Gender, dtype: int64
sorted data.head():
              item      rank  PageRank05  ...  Gender   Rank  protected
428521  2585687038  0.003172    0.001201  ...       1  10983          0
470158  2023750619  0.003157    0.001336  ...       1  10911          0
246673  1777097624  0.002855    0.001047  ...       1  11660          0
316750   548446481  0.002781    0.001139  ...       1  11378          0
473177  2293679170  0.002710    0.001003  ...       1  11693          0

[5 rows x 10 columns]
rND 0.11734253761095266
rKL 0.019417168718673453
rRD 0.23937577993732692
equal_ex 1.092213912778125

real	2m4.840s
user	2m2.176s
sys	0m0.406s




/home/agbe/MAG/CentralityFairness/Evaluations/lenskit/util.py:45: NumbaDeprecationWarning: [1mThe 'numba.jitclass' decorator has moved to 'numba.experimental.jitclass' to better reflect the experimental nature of the functionality. Please update your imports to accommodate this change and see https://numba.pydata.org/numba-doc/latest/reference/deprecation.html#change-of-jitclass-location for the time frame.[0m
  @jitclass([
Evaluating /home/agbe/MAG/CentralityFairness/Evaluations/mathematics.csv with sample size None and centrality PageRank
Data size: 674562
gender counts normalized:
1    0.808018
0    0.191982
Name: Gender, dtype: float64
gender counts:
1    545058
0    129504
Name: Gender, dtype: int64
sorted data.head():
               item      rank  PageRank05  ...  Gender   Rank  protected
1472514  2168430722  0.002349    0.000256  ...       1  12821          0
997757   2165277716  0.001388    0.000586  ...       1  11206          0
1395415  2247248564  0.001264    0.000466  ...       1  10718          0
1623574   440403676  0.000822    0.000084  ...       1  13632          0
714352   2009916527  0.000616    0.000409  ...       0  11668          1

[5 rows x 10 columns]
rND 0.12353089364235864
rKL 0.02182043127086908
rRD 0.2702470480274682
equal_ex 1.1185903630209004

real	11m31.239s
user	11m23.353s
sys	0m6.777s
