Running on desktop1:
INFO:sparkhpc.sparkjob:master command: /home/laal/MAG/spark-3.0.2-bin-hadoop2.7/sbin/start-master.sh
INFO:sparkhpc.sparkjob:[[92mstart_cluster] [0mmaster running at spark://172.16.16.101:7077
INFO:sparkhpc.sparkjob:[[92mstart_cluster] [0mmaster UI available at http://desktop1.hpc.itu.dk:8080
What is going on
I GOT THE SCHEDULER
slurm
master_command: /home/laal/MAG/spark-3.0.2-bin-hadoop2.7/sbin/start-master.sh
['desktop1', 'desktop2', 'desktop3']
INFO:sparkhpc.sparkjob:slaves command: srun /home/laal/MAG/spark-3.0.2-bin-hadoop2.7/sbin/start-slave.sh spark://172.16.16.101:7077 -c 4
INFO:sparkhpc.sparkjob:XXX SLAVES SLAVES: srun /home/laal/MAG/spark-3.0.2-bin-hadoop2.7/sbin/start-slave.sh spark://172.16.16.101:7077 -c 4
starting org.apache.spark.deploy.worker.Worker, logging to /home/laal/MAG/spark-3.0.2-bin-hadoop2.7/logs/spark-laal-org.apache.spark.deploy.worker.Worker-1-desktop1.out
starting org.apache.spark.deploy.worker.Worker, logging to /home/laal/MAG/spark-3.0.2-bin-hadoop2.7/logs/spark-laal-org.apache.spark.deploy.worker.Worker-1-desktop1.out
starting org.apache.spark.deploy.worker.Worker, logging to /home/laal/MAG/spark-3.0.2-bin-hadoop2.7/logs/spark-laal-org.apache.spark.deploy.worker.Worker-1-desktop1.out
Spark Command: /usr/lib/jvm/java-1.8.0-openjdk-1.8.0.242.b08-0.el7_7.x86_64/bin/java -cp /home/laal/MAG/spark-3.0.2-bin-hadoop2.7/conf/:/home/laal/MAG/spark-3.0.2-bin-hadoop2.7/jars/* -Xmx1g org.apache.spark.deploy.worker.Worker --webui-port 8081 spark://172.16.16.101:7077 -c 4
========================================
Spark Command: /usr/lib/jvm/java-1.8.0-openjdk-1.8.0.242.b08-0.el7_7.x86_64/bin/java -cp /home/laal/MAG/spark-3.0.2-bin-hadoop2.7/conf/:/home/laal/MAG/spark-3.0.2-bin-hadoop2.7/jars/* -Xmx1g org.apache.spark.deploy.worker.Worker --webui-port 8081 spark://172.16.16.101:7077 -c 4
========================================
Spark Command: /usr/lib/jvm/java-1.8.0-openjdk-1.8.0.242.b08-0.el7_7.x86_64/bin/java -cp /home/laal/MAG/spark-3.0.2-bin-hadoop2.7/conf/:/home/laal/MAG/spark-3.0.2-bin-hadoop2.7/jars/* -Xmx1g org.apache.spark.deploy.worker.Worker --webui-port 8081 spark://172.16.16.101:7077 -c 4
========================================
Using Spark's default log4j profile: org/apache/spark/log4j-defaults.properties
21/02/26 17:37:56 INFO Worker: Started daemon with process name: 24153@desktop1
21/02/26 17:37:56 INFO SignalUtils: Registered signal handler for TERM
21/02/26 17:37:56 INFO SignalUtils: Registered signal handler for HUP
21/02/26 17:37:56 INFO SignalUtils: Registered signal handler for INT
21/02/26 17:37:56 WARN Utils: Your hostname, desktop1 resolves to a loopback address: 127.0.0.1; using 172.16.16.101 instead (on interface eno1)
21/02/26 17:37:56 WARN Utils: Set SPARK_LOCAL_IP if you need to bind to another address
21/02/26 17:37:56 WARN NativeCodeLoader: Unable to load native-hadoop library for your platform... using builtin-java classes where applicable
21/02/26 17:37:56 INFO SecurityManager: Changing view acls to: laal
21/02/26 17:37:56 INFO SecurityManager: Changing modify acls to: laal
21/02/26 17:37:56 INFO SecurityManager: Changing view acls groups to: 
21/02/26 17:37:56 INFO SecurityManager: Changing modify acls groups to: 
21/02/26 17:37:56 INFO SecurityManager: SecurityManager: authentication disabled; ui acls disabled; users  with view permissions: Set(laal); groups with view permissions: Set(); users  with modify permissions: Set(laal); groups with modify permissions: Set()
21/02/26 17:37:56 INFO Utils: Successfully started service 'sparkWorker' on port 39855.
21/02/26 17:37:57 INFO Worker: Starting Spark worker 172.16.16.101:39855 with 4 cores, 5.9 GiB RAM
21/02/26 17:37:57 INFO Worker: Running Spark version 3.0.2
21/02/26 17:37:57 INFO Worker: Spark home: /home/laal/MAG/spark-3.0.2-bin-hadoop2.7
21/02/26 17:37:57 INFO ResourceUtils: ==============================================================
21/02/26 17:37:57 INFO ResourceUtils: Resources for spark.worker:

21/02/26 17:37:57 INFO ResourceUtils: ==============================================================
21/02/26 17:37:57 INFO Utils: Successfully started service 'WorkerUI' on port 8081.
21/02/26 17:37:57 INFO WorkerWebUI: Bound WorkerWebUI to 0.0.0.0, and started at http://desktop1.hpc.itu.dk:8081
21/02/26 17:37:57 INFO Worker: Connecting to master 172.16.16.101:7077...
21/02/26 17:37:57 INFO TransportClientFactory: Successfully created connection to /172.16.16.101:7077 after 30 ms (0 ms spent in bootstraps)
21/02/26 17:37:57 INFO Worker: Successfully registered with master spark://172.16.16.101:7077
Using Spark's default log4j profile: org/apache/spark/log4j-defaults.properties
21/02/26 17:37:58 INFO Worker: Started daemon with process name: 6673@desktop3
21/02/26 17:37:58 INFO SignalUtils: Registered signal handler for TERM
21/02/26 17:37:58 INFO SignalUtils: Registered signal handler for HUP
21/02/26 17:37:58 INFO SignalUtils: Registered signal handler for INT
Using Spark's default log4j profile: org/apache/spark/log4j-defaults.properties
21/02/26 17:37:58 INFO Worker: Started daemon with process name: 2852@desktop2
21/02/26 17:37:58 WARN Utils: Your hostname, desktop3 resolves to a loopback address: 127.0.0.1; using 172.16.16.103 instead (on interface eno1)
21/02/26 17:37:58 WARN Utils: Set SPARK_LOCAL_IP if you need to bind to another address
21/02/26 17:37:58 INFO SignalUtils: Registered signal handler for TERM
21/02/26 17:37:58 INFO SignalUtils: Registered signal handler for HUP
21/02/26 17:37:58 INFO SignalUtils: Registered signal handler for INT
21/02/26 17:37:58 WARN Utils: Your hostname, desktop2 resolves to a loopback address: 127.0.0.1; using 172.16.16.102 instead (on interface eno1)
21/02/26 17:37:58 WARN Utils: Set SPARK_LOCAL_IP if you need to bind to another address
21/02/26 17:37:58 WARN NativeCodeLoader: Unable to load native-hadoop library for your platform... using builtin-java classes where applicable
21/02/26 17:37:58 WARN NativeCodeLoader: Unable to load native-hadoop library for your platform... using builtin-java classes where applicable
21/02/26 17:37:58 INFO SecurityManager: Changing view acls to: laal
21/02/26 17:37:58 INFO SecurityManager: Changing modify acls to: laal
21/02/26 17:37:58 INFO SecurityManager: Changing view acls groups to: 
21/02/26 17:37:58 INFO SecurityManager: Changing modify acls groups to: 
21/02/26 17:37:58 INFO SecurityManager: SecurityManager: authentication disabled; ui acls disabled; users  with view permissions: Set(laal); groups with view permissions: Set(); users  with modify permissions: Set(laal); groups with modify permissions: Set()
21/02/26 17:37:58 INFO SecurityManager: Changing view acls to: laal
21/02/26 17:37:58 INFO SecurityManager: Changing modify acls to: laal
21/02/26 17:37:58 INFO SecurityManager: Changing view acls groups to: 
21/02/26 17:37:58 INFO SecurityManager: Changing modify acls groups to: 
21/02/26 17:37:58 INFO SecurityManager: SecurityManager: authentication disabled; ui acls disabled; users  with view permissions: Set(laal); groups with view permissions: Set(); users  with modify permissions: Set(laal); groups with modify permissions: Set()
21/02/26 17:37:59 INFO Utils: Successfully started service 'sparkWorker' on port 33657.
21/02/26 17:37:59 INFO Utils: Successfully started service 'sparkWorker' on port 46882.
21/02/26 17:37:59 INFO Worker: Starting Spark worker 172.16.16.103:33657 with 4 cores, 5.9 GiB RAM
21/02/26 17:37:59 INFO Worker: Running Spark version 3.0.2
21/02/26 17:37:59 INFO Worker: Spark home: /home/laal/MAG/spark-3.0.2-bin-hadoop2.7
21/02/26 17:37:59 INFO ResourceUtils: ==============================================================
21/02/26 17:37:59 INFO ResourceUtils: Resources for spark.worker:

21/02/26 17:37:59 INFO ResourceUtils: ==============================================================
21/02/26 17:37:59 INFO Worker: Starting Spark worker 172.16.16.102:46882 with 4 cores, 5.9 GiB RAM
21/02/26 17:37:59 INFO Worker: Running Spark version 3.0.2
21/02/26 17:37:59 INFO Worker: Spark home: /home/laal/MAG/spark-3.0.2-bin-hadoop2.7
21/02/26 17:37:59 INFO ResourceUtils: ==============================================================
21/02/26 17:37:59 INFO ResourceUtils: Resources for spark.worker:

21/02/26 17:37:59 INFO ResourceUtils: ==============================================================
21/02/26 17:37:59 INFO Utils: Successfully started service 'WorkerUI' on port 8081.
21/02/26 17:37:59 INFO WorkerWebUI: Bound WorkerWebUI to 0.0.0.0, and started at http://desktop3.hpc.itu.dk:8081
21/02/26 17:37:59 INFO Worker: Connecting to master 172.16.16.101:7077...
21/02/26 17:37:59 INFO Utils: Successfully started service 'WorkerUI' on port 8081.
21/02/26 17:37:59 INFO WorkerWebUI: Bound WorkerWebUI to 0.0.0.0, and started at http://desktop2.hpc.itu.dk:8081
21/02/26 17:37:59 INFO Worker: Connecting to master 172.16.16.101:7077...
21/02/26 17:37:59 INFO TransportClientFactory: Successfully created connection to /172.16.16.101:7077 after 23 ms (0 ms spent in bootstraps)
21/02/26 17:37:59 INFO Worker: Successfully registered with master spark://172.16.16.101:7077
21/02/26 17:37:59 INFO TransportClientFactory: Successfully created connection to /172.16.16.101:7077 after 27 ms (0 ms spent in bootstraps)
21/02/26 17:37:59 INFO Worker: Successfully registered with master spark://172.16.16.101:7077
21/02/26 17:46:23 INFO ExternalShuffleBlockResolver: Application app-20210226173948-0000 removed, cleanupLocalDirs = true
21/02/26 17:46:23 INFO ExternalShuffleBlockResolver: Application app-20210226173948-0000 removed, cleanupLocalDirs = true
21/02/26 17:46:23 INFO ExternalShuffleBlockResolver: Application app-20210226173948-0000 removed, cleanupLocalDirs = true
21/02/26 17:46:40 INFO Worker: Asked to launch executor app-20210226174640-0001/1 for pyspark-shell
21/02/26 17:46:40 INFO Worker: Asked to launch executor app-20210226174640-0001/0 for pyspark-shell
21/02/26 17:46:40 INFO SecurityManager: Changing view acls to: laal
21/02/26 17:46:40 INFO SecurityManager: Changing modify acls to: laal
21/02/26 17:46:40 INFO SecurityManager: Changing view acls groups to: 
21/02/26 17:46:40 INFO SecurityManager: Changing modify acls groups to: 
21/02/26 17:46:40 INFO SecurityManager: SecurityManager: authentication disabled; ui acls disabled; users  with view permissions: Set(laal); groups with view permissions: Set(); users  with modify permissions: Set(laal); groups with modify permissions: Set()
21/02/26 17:46:40 INFO SecurityManager: Changing view acls to: laal
21/02/26 17:46:40 INFO SecurityManager: Changing modify acls to: laal
21/02/26 17:46:40 INFO SecurityManager: Changing view acls groups to: 
21/02/26 17:46:40 INFO SecurityManager: Changing modify acls groups to: 
21/02/26 17:46:40 INFO SecurityManager: SecurityManager: authentication disabled; ui acls disabled; users  with view permissions: Set(laal); groups with view permissions: Set(); users  with modify permissions: Set(laal); groups with modify permissions: Set()
21/02/26 17:46:40 INFO Worker: Asked to launch executor app-20210226174640-0001/2 for pyspark-shell
21/02/26 17:46:40 INFO SecurityManager: Changing view acls to: laal
21/02/26 17:46:40 INFO SecurityManager: Changing modify acls to: laal
21/02/26 17:46:40 INFO SecurityManager: Changing view acls groups to: 
21/02/26 17:46:40 INFO SecurityManager: Changing modify acls groups to: 
21/02/26 17:46:40 INFO SecurityManager: SecurityManager: authentication disabled; ui acls disabled; users  with view permissions: Set(laal); groups with view permissions: Set(); users  with modify permissions: Set(laal); groups with modify permissions: Set()
21/02/26 17:46:40 INFO ExecutorRunner: Launch command: "/usr/lib/jvm/java-1.8.0-openjdk-1.8.0.242.b08-0.el7_7.x86_64/bin/java" "-cp" "/home/laal/MAG/spark-3.0.2-bin-hadoop2.7/conf/:/home/laal/MAG/spark-3.0.2-bin-hadoop2.7/jars/*" "-Xmx2000M" "-Dspark.driver.port=38624" "org.apache.spark.executor.CoarseGrainedExecutorBackend" "--driver-url" "spark://CoarseGrainedScheduler@desktop4.hpc.itu.dk:38624" "--executor-id" "1" "--hostname" "172.16.16.101" "--cores" "4" "--app-id" "app-20210226174640-0001" "--worker-url" "spark://Worker@172.16.16.101:39855"
21/02/26 17:46:40 INFO ExecutorRunner: Launch command: "/usr/lib/jvm/java-1.8.0-openjdk-1.8.0.242.b08-0.el7_7.x86_64/bin/java" "-cp" "/home/laal/MAG/spark-3.0.2-bin-hadoop2.7/conf/:/home/laal/MAG/spark-3.0.2-bin-hadoop2.7/jars/*" "-Xmx2000M" "-Dspark.driver.port=38624" "org.apache.spark.executor.CoarseGrainedExecutorBackend" "--driver-url" "spark://CoarseGrainedScheduler@desktop4.hpc.itu.dk:38624" "--executor-id" "0" "--hostname" "172.16.16.102" "--cores" "4" "--app-id" "app-20210226174640-0001" "--worker-url" "spark://Worker@172.16.16.102:46882"
21/02/26 17:46:40 INFO ExecutorRunner: Launch command: "/usr/lib/jvm/java-1.8.0-openjdk-1.8.0.242.b08-0.el7_7.x86_64/bin/java" "-cp" "/home/laal/MAG/spark-3.0.2-bin-hadoop2.7/conf/:/home/laal/MAG/spark-3.0.2-bin-hadoop2.7/jars/*" "-Xmx2000M" "-Dspark.driver.port=38624" "org.apache.spark.executor.CoarseGrainedExecutorBackend" "--driver-url" "spark://CoarseGrainedScheduler@desktop4.hpc.itu.dk:38624" "--executor-id" "2" "--hostname" "172.16.16.103" "--cores" "4" "--app-id" "app-20210226174640-0001" "--worker-url" "spark://Worker@172.16.16.103:33657"
21/02/26 18:01:32 INFO Worker: Asked to kill executor app-20210226174640-0001/1
21/02/26 18:01:32 INFO Worker: Asked to kill executor app-20210226174640-0001/0
21/02/26 18:01:32 INFO ExecutorRunner: Runner thread for executor app-20210226174640-0001/1 interrupted
21/02/26 18:01:32 INFO ExecutorRunner: Killing process!
21/02/26 18:01:32 INFO Worker: Asked to kill executor app-20210226174640-0001/2
21/02/26 18:01:32 INFO ExecutorRunner: Runner thread for executor app-20210226174640-0001/0 interrupted
21/02/26 18:01:32 INFO ExecutorRunner: Killing process!
21/02/26 18:01:32 INFO ExecutorRunner: Runner thread for executor app-20210226174640-0001/2 interrupted
21/02/26 18:01:32 INFO ExecutorRunner: Killing process!
21/02/26 18:01:33 INFO Worker: Executor app-20210226174640-0001/0 finished with state KILLED exitStatus 143
21/02/26 18:01:33 INFO ExternalShuffleBlockResolver: Clean up non-shuffle and non-RDD files associated with the finished executor 0
21/02/26 18:01:33 INFO ExternalShuffleBlockResolver: Executor is not registered (appId=app-20210226174640-0001, execId=0)
21/02/26 18:01:33 INFO Worker: Cleaning up local directories for application app-20210226174640-0001
21/02/26 18:01:33 INFO ExternalShuffleBlockResolver: Application app-20210226174640-0001 removed, cleanupLocalDirs = true
21/02/26 18:01:33 INFO Worker: Executor app-20210226174640-0001/1 finished with state KILLED exitStatus 143
21/02/26 18:01:33 INFO ExternalShuffleBlockResolver: Clean up non-shuffle and non-RDD files associated with the finished executor 1
21/02/26 18:01:33 INFO ExternalShuffleBlockResolver: Executor is not registered (appId=app-20210226174640-0001, execId=1)
21/02/26 18:01:33 INFO Worker: Cleaning up local directories for application app-20210226174640-0001
21/02/26 18:01:33 INFO ExternalShuffleBlockResolver: Application app-20210226174640-0001 removed, cleanupLocalDirs = true
21/02/26 18:01:42 INFO Worker: Executor app-20210226174640-0001/2 finished with state KILLED exitStatus 137
21/02/26 18:01:42 INFO ExternalShuffleBlockResolver: Clean up non-shuffle and non-RDD files associated with the finished executor 2
21/02/26 18:01:42 INFO ExternalShuffleBlockResolver: Executor is not registered (appId=app-20210226174640-0001, execId=2)
21/02/26 18:01:42 INFO Worker: Cleaning up local directories for application app-20210226174640-0001
21/02/26 18:01:42 INFO ExternalShuffleBlockResolver: Application app-20210226174640-0001 removed, cleanupLocalDirs = true
21/02/26 18:01:54 WARN JavaUtils: Attempt to delete using native Unix OS command failed for path = /home/laal/MAG/TMP/spark-3f951584-52c2-48e8-924d-f7b034b35fea/executor-69788d89-68d0-4465-8b1e-3eabe13f4dc5. Falling back to Java IO way
java.io.IOException: Failed to delete: /home/laal/MAG/TMP/spark-3f951584-52c2-48e8-924d-f7b034b35fea/executor-69788d89-68d0-4465-8b1e-3eabe13f4dc5
	at org.apache.spark.network.util.JavaUtils.deleteRecursivelyUsingUnixNative(JavaUtils.java:171)
	at org.apache.spark.network.util.JavaUtils.deleteRecursively(JavaUtils.java:110)
	at org.apache.spark.network.util.JavaUtils.deleteRecursively(JavaUtils.java:91)
	at org.apache.spark.util.Utils$.deleteRecursively(Utils.scala:1079)
	at org.apache.spark.deploy.worker.Worker.$anonfun$maybeCleanupApplication$5(Worker.scala:693)
	at org.apache.spark.deploy.worker.Worker.$anonfun$maybeCleanupApplication$5$adapted(Worker.scala:692)
	at scala.collection.IndexedSeqOptimized.foreach(IndexedSeqOptimized.scala:36)
	at scala.collection.IndexedSeqOptimized.foreach$(IndexedSeqOptimized.scala:33)
	at scala.collection.mutable.WrappedArray.foreach(WrappedArray.scala:38)
	at org.apache.spark.deploy.worker.Worker.$anonfun$maybeCleanupApplication$3(Worker.scala:692)
	at scala.runtime.java8.JFunction0$mcV$sp.apply(JFunction0$mcV$sp.java:23)
	at scala.concurrent.Future$.$anonfun$apply$1(Future.scala:659)
	at scala.util.Success.$anonfun$map$1(Try.scala:255)
	at scala.util.Success.map(Try.scala:213)
	at scala.concurrent.Future.$anonfun$map$1(Future.scala:292)
	at scala.concurrent.impl.Promise.liftedTree1$1(Promise.scala:33)
	at scala.concurrent.impl.Promise.$anonfun$transform$1(Promise.scala:33)
	at scala.concurrent.impl.CallbackRunnable.run(Promise.scala:64)
	at java.util.concurrent.ThreadPoolExecutor.runWorker(ThreadPoolExecutor.java:1149)
	at java.util.concurrent.ThreadPoolExecutor$Worker.run(ThreadPoolExecutor.java:624)
	at java.lang.Thread.run(Thread.java:748)
21/02/26 18:01:55 WARN JavaUtils: Attempt to delete using native Unix OS command failed for path = /home/laal/MAG/TMP/spark-d9b41df0-3fb1-4e45-aca0-a71af9c19f53/executor-e0036c37-e738-4a70-b286-d9bbb1624051. Falling back to Java IO way
java.io.IOException: Failed to delete: /home/laal/MAG/TMP/spark-d9b41df0-3fb1-4e45-aca0-a71af9c19f53/executor-e0036c37-e738-4a70-b286-d9bbb1624051
	at org.apache.spark.network.util.JavaUtils.deleteRecursivelyUsingUnixNative(JavaUtils.java:171)
	at org.apache.spark.network.util.JavaUtils.deleteRecursively(JavaUtils.java:110)
	at org.apache.spark.network.util.JavaUtils.deleteRecursively(JavaUtils.java:91)
	at org.apache.spark.util.Utils$.deleteRecursively(Utils.scala:1079)
	at org.apache.spark.deploy.worker.Worker.$anonfun$maybeCleanupApplication$5(Worker.scala:693)
	at org.apache.spark.deploy.worker.Worker.$anonfun$maybeCleanupApplication$5$adapted(Worker.scala:692)
	at scala.collection.IndexedSeqOptimized.foreach(IndexedSeqOptimized.scala:36)
	at scala.collection.IndexedSeqOptimized.foreach$(IndexedSeqOptimized.scala:33)
	at scala.collection.mutable.WrappedArray.foreach(WrappedArray.scala:38)
	at org.apache.spark.deploy.worker.Worker.$anonfun$maybeCleanupApplication$3(Worker.scala:692)
	at scala.runtime.java8.JFunction0$mcV$sp.apply(JFunction0$mcV$sp.java:23)
	at scala.concurrent.Future$.$anonfun$apply$1(Future.scala:659)
	at scala.util.Success.$anonfun$map$1(Try.scala:255)
	at scala.util.Success.map(Try.scala:213)
	at scala.concurrent.Future.$anonfun$map$1(Future.scala:292)
	at scala.concurrent.impl.Promise.liftedTree1$1(Promise.scala:33)
	at scala.concurrent.impl.Promise.$anonfun$transform$1(Promise.scala:33)
	at scala.concurrent.impl.CallbackRunnable.run(Promise.scala:64)
	at java.util.concurrent.ThreadPoolExecutor.runWorker(ThreadPoolExecutor.java:1149)
	at java.util.concurrent.ThreadPoolExecutor$Worker.run(ThreadPoolExecutor.java:624)
	at java.lang.Thread.run(Thread.java:748)
21/02/26 18:01:57 WARN JavaUtils: Attempt to delete using native Unix OS command failed for path = /home/laal/MAG/TMP/spark-5c8a6532-0993-450d-a3a5-56dc1521669b/executor-b365c263-e588-4ad6-b027-6a420957187c. Falling back to Java IO way
java.io.IOException: Failed to delete: /home/laal/MAG/TMP/spark-5c8a6532-0993-450d-a3a5-56dc1521669b/executor-b365c263-e588-4ad6-b027-6a420957187c
	at org.apache.spark.network.util.JavaUtils.deleteRecursivelyUsingUnixNative(JavaUtils.java:171)
	at org.apache.spark.network.util.JavaUtils.deleteRecursively(JavaUtils.java:110)
	at org.apache.spark.network.util.JavaUtils.deleteRecursively(JavaUtils.java:91)
	at org.apache.spark.util.Utils$.deleteRecursively(Utils.scala:1079)
	at org.apache.spark.deploy.worker.Worker.$anonfun$maybeCleanupApplication$5(Worker.scala:693)
	at org.apache.spark.deploy.worker.Worker.$anonfun$maybeCleanupApplication$5$adapted(Worker.scala:692)
	at scala.collection.IndexedSeqOptimized.foreach(IndexedSeqOptimized.scala:36)
	at scala.collection.IndexedSeqOptimized.foreach$(IndexedSeqOptimized.scala:33)
	at scala.collection.mutable.WrappedArray.foreach(WrappedArray.scala:38)
	at org.apache.spark.deploy.worker.Worker.$anonfun$maybeCleanupApplication$3(Worker.scala:692)
	at scala.runtime.java8.JFunction0$mcV$sp.apply(JFunction0$mcV$sp.java:23)
	at scala.concurrent.Future$.$anonfun$apply$1(Future.scala:659)
	at scala.util.Success.$anonfun$map$1(Try.scala:255)
	at scala.util.Success.map(Try.scala:213)
	at scala.concurrent.Future.$anonfun$map$1(Future.scala:292)
	at scala.concurrent.impl.Promise.liftedTree1$1(Promise.scala:33)
	at scala.concurrent.impl.Promise.$anonfun$transform$1(Promise.scala:33)
	at scala.concurrent.impl.CallbackRunnable.run(Promise.scala:64)
	at java.util.concurrent.ThreadPoolExecutor.runWorker(ThreadPoolExecutor.java:1149)
	at java.util.concurrent.ThreadPoolExecutor$Worker.run(ThreadPoolExecutor.java:624)
	at java.lang.Thread.run(Thread.java:748)
21/02/26 18:02:25 INFO Worker: Asked to launch executor app-20210226180225-0002/0 for pyspark-shell
21/02/26 18:02:25 INFO Worker: Asked to launch executor app-20210226180225-0002/2 for pyspark-shell
21/02/26 18:02:25 INFO Worker: Asked to launch executor app-20210226180225-0002/1 for pyspark-shell
21/02/26 18:02:25 INFO SecurityManager: Changing view acls to: laal
21/02/26 18:02:25 INFO SecurityManager: Changing modify acls to: laal
21/02/26 18:02:25 INFO SecurityManager: Changing view acls groups to: 
21/02/26 18:02:25 INFO SecurityManager: Changing modify acls groups to: 
21/02/26 18:02:25 INFO SecurityManager: SecurityManager: authentication disabled; ui acls disabled; users  with view permissions: Set(laal); groups with view permissions: Set(); users  with modify permissions: Set(laal); groups with modify permissions: Set()
21/02/26 18:02:25 INFO SecurityManager: Changing view acls to: laal
21/02/26 18:02:25 INFO SecurityManager: Changing modify acls to: laal
21/02/26 18:02:25 INFO SecurityManager: Changing view acls groups to: 
21/02/26 18:02:25 INFO SecurityManager: Changing modify acls groups to: 
21/02/26 18:02:25 INFO SecurityManager: SecurityManager: authentication disabled; ui acls disabled; users  with view permissions: Set(laal); groups with view permissions: Set(); users  with modify permissions: Set(laal); groups with modify permissions: Set()
21/02/26 18:02:25 INFO SecurityManager: Changing view acls to: laal
21/02/26 18:02:25 INFO SecurityManager: Changing modify acls to: laal
21/02/26 18:02:25 INFO SecurityManager: Changing view acls groups to: 
21/02/26 18:02:25 INFO SecurityManager: Changing modify acls groups to: 
21/02/26 18:02:25 INFO SecurityManager: SecurityManager: authentication disabled; ui acls disabled; users  with view permissions: Set(laal); groups with view permissions: Set(); users  with modify permissions: Set(laal); groups with modify permissions: Set()
21/02/26 18:02:25 INFO ExecutorRunner: Launch command: "/usr/lib/jvm/java-1.8.0-openjdk-1.8.0.242.b08-0.el7_7.x86_64/bin/java" "-cp" "/home/laal/MAG/spark-3.0.2-bin-hadoop2.7/conf/:/home/laal/MAG/spark-3.0.2-bin-hadoop2.7/jars/*" "-Xmx5500M" "-Dspark.driver.port=33171" "org.apache.spark.executor.CoarseGrainedExecutorBackend" "--driver-url" "spark://CoarseGrainedScheduler@desktop4.hpc.itu.dk:33171" "--executor-id" "0" "--hostname" "172.16.16.102" "--cores" "4" "--app-id" "app-20210226180225-0002" "--worker-url" "spark://Worker@172.16.16.102:46882"
21/02/26 18:02:25 INFO ExecutorRunner: Launch command: "/usr/lib/jvm/java-1.8.0-openjdk-1.8.0.242.b08-0.el7_7.x86_64/bin/java" "-cp" "/home/laal/MAG/spark-3.0.2-bin-hadoop2.7/conf/:/home/laal/MAG/spark-3.0.2-bin-hadoop2.7/jars/*" "-Xmx5500M" "-Dspark.driver.port=33171" "org.apache.spark.executor.CoarseGrainedExecutorBackend" "--driver-url" "spark://CoarseGrainedScheduler@desktop4.hpc.itu.dk:33171" "--executor-id" "2" "--hostname" "172.16.16.103" "--cores" "4" "--app-id" "app-20210226180225-0002" "--worker-url" "spark://Worker@172.16.16.103:33657"
21/02/26 18:02:25 INFO ExecutorRunner: Launch command: "/usr/lib/jvm/java-1.8.0-openjdk-1.8.0.242.b08-0.el7_7.x86_64/bin/java" "-cp" "/home/laal/MAG/spark-3.0.2-bin-hadoop2.7/conf/:/home/laal/MAG/spark-3.0.2-bin-hadoop2.7/jars/*" "-Xmx5500M" "-Dspark.driver.port=33171" "org.apache.spark.executor.CoarseGrainedExecutorBackend" "--driver-url" "spark://CoarseGrainedScheduler@desktop4.hpc.itu.dk:33171" "--executor-id" "1" "--hostname" "172.16.16.101" "--cores" "4" "--app-id" "app-20210226180225-0002" "--worker-url" "spark://Worker@172.16.16.101:39855"
slurmstepd: error: *** JOB 36483 ON desktop1 CANCELLED AT 2021-02-26T18:06:19 ***
srun: Job step aborted: Waiting up to 32 seconds for job step to finish.
slurmstepd: error: *** STEP 36483.1 ON desktop1 CANCELLED AT 2021-02-26T18:06:19 ***
