Running on desktop5:
21/02/21 16:18:24 WARN Utils: Your hostname, desktop5 resolves to a loopback address: 127.0.0.1; using 172.16.16.105 instead (on interface eno1)
21/02/21 16:18:24 WARN Utils: Set SPARK_LOCAL_IP if you need to bind to another address
21/02/21 16:18:25 WARN NativeCodeLoader: Unable to load native-hadoop library for your platform... using builtin-java classes where applicable
Using Spark's default log4j profile: org/apache/spark/log4j-defaults.properties
Setting default log level to "WARN".
To adjust logging level use sc.setLogLevel(newLevel). For SparkR, use setLogLevel(newLevel).
[Stage 0:>                                                          (0 + 2) / 2]                                                                                +--------------+-------+-------------+
|CitingAuthorId|PaperId|CitedAuthorId|
+--------------+-------+-------------+
|    2236731196|   3699|   2150911502|
|    2236731196|   3699|   2137094855|
|    2236731196|   3699|   2116968174|
|    2236731196|   3699|   2116968174|
|    2236731196|   3699|   2060235775|
|    2088505836|   3699|   2150911502|
|    2088505836|   3699|   2137094855|
|    2088505836|   3699|   2116968174|
|    2088505836|   3699|   2116968174|
|    2088505836|   3699|   2060235775|
|    2694707015|   5112|   2704129503|
|    2694707015|   5112|   2647864327|
|    2694707015|   5112|   2644886549|
|    2694707015|   5112|   2608066698|
|    2694707015|   5112|   2413093538|
|    2694707015|   5112|   2341097290|
|    2694707015|   5112|   2293012961|
|    2694707015|   5112|   2025777375|
|    2694707015|   5112|   1279797812|
|    2647864327|   5112|   2704129503|
|    2647864327|   5112|   2647864327|
|    2647864327|   5112|   2644886549|
|    2647864327|   5112|   2608066698|
|    2647864327|   5112|   2413093538|
|    2647864327|   5112|   2341097290|
|    2647864327|   5112|   2293012961|
|    2647864327|   5112|   2025777375|
|    2647864327|   5112|   1279797812|
|    2293012961|   5112|   2704129503|
|    2293012961|   5112|   2647864327|
|    2293012961|   5112|   2644886549|
|    2293012961|   5112|   2608066698|
|    2293012961|   5112|   2413093538|
|    2293012961|   5112|   2341097290|
|    2293012961|   5112|   2293012961|
|    2293012961|   5112|   2025777375|
|    2293012961|   5112|   1279797812|
|    1279797812|   5112|   2704129503|
|    1279797812|   5112|   2647864327|
|    1279797812|   5112|   2644886549|
|    1279797812|   5112|   2608066698|
|    1279797812|   5112|   2413093538|
|    1279797812|   5112|   2341097290|
|    1279797812|   5112|   2293012961|
|    1279797812|   5112|   2025777375|
|    1279797812|   5112|   1279797812|
|    3016475295|  17047|   2177142878|
|    3037837967|  25537|   2655227727|
|    2992602004|  25537|   2655227727|
|    2918584148|  25537|   2655227727|
+--------------+-------+-------------+
only showing top 50 rows

None
+-------+--------------------+------------------+--------------------+
|summary|      CitingAuthorId|           PaperId|       CitedAuthorId|
+-------+--------------------+------------------+--------------------+
|  count|                 144|               144|                 144|
|   mean|2.0351057895555556E9|102461.90972222222|2.2129451112430553E9|
| stddev| 8.367213708815112E8|105799.66310030787| 5.472323629396117E8|
|    min|            14715234|              3699|            63218328|
|    max|          3115612124|            338530|          2889871710|
+-------+--------------------+------------------+--------------------+

None
