Running on desktop1:
INFO:sparkhpc.sparkjob:master command: /home/laal/MAG/spark-3.0.2-bin-hadoop2.7/sbin/start-master.sh
INFO:sparkhpc.sparkjob:[[92mstart_cluster] [0mmaster running at spark://172.16.16.101:7077
INFO:sparkhpc.sparkjob:[[92mstart_cluster] [0mmaster UI available at http://desktop1.hpc.itu.dk:8080
What is going on
I GOT THE SCHEDULER
slurm
master_command: /home/laal/MAG/spark-3.0.2-bin-hadoop2.7/sbin/start-master.sh
['desktop1', 'desktop2', 'desktop3']
INFO:sparkhpc.sparkjob:slaves command: srun /home/laal/MAG/spark-3.0.2-bin-hadoop2.7/sbin/start-slave.sh spark://172.16.16.101:7077 -c 4
INFO:sparkhpc.sparkjob:XXX SLAVES SLAVES: srun /home/laal/MAG/spark-3.0.2-bin-hadoop2.7/sbin/start-slave.sh spark://172.16.16.101:7077 -c 4
starting org.apache.spark.deploy.worker.Worker, logging to /home/laal/MAG/spark-3.0.2-bin-hadoop2.7/logs/spark-laal-org.apache.spark.deploy.worker.Worker-1-desktop1.out
starting org.apache.spark.deploy.worker.Worker, logging to /home/laal/MAG/spark-3.0.2-bin-hadoop2.7/logs/spark-laal-org.apache.spark.deploy.worker.Worker-1-desktop1.out
starting org.apache.spark.deploy.worker.Worker, logging to /home/laal/MAG/spark-3.0.2-bin-hadoop2.7/logs/spark-laal-org.apache.spark.deploy.worker.Worker-1-desktop1.out
Spark Command: /usr/lib/jvm/java-1.8.0-openjdk-1.8.0.242.b08-0.el7_7.x86_64/bin/java -cp /home/laal/MAG/spark-3.0.2-bin-hadoop2.7/conf/:/home/laal/MAG/spark-3.0.2-bin-hadoop2.7/jars/* -Xmx1g org.apache.spark.deploy.worker.Worker --webui-port 8081 spark://172.16.16.101:7077 -c 4
========================================
Spark Command: /usr/lib/jvm/java-1.8.0-openjdk-1.8.0.242.b08-0.el7_7.x86_64/bin/java -cp /home/laal/MAG/spark-3.0.2-bin-hadoop2.7/conf/:/home/laal/MAG/spark-3.0.2-bin-hadoop2.7/jars/* -Xmx1g org.apache.spark.deploy.worker.Worker --webui-port 8081 spark://172.16.16.101:7077 -c 4
========================================
Spark Command: /usr/lib/jvm/java-1.8.0-openjdk-1.8.0.242.b08-0.el7_7.x86_64/bin/java -cp /home/laal/MAG/spark-3.0.2-bin-hadoop2.7/conf/:/home/laal/MAG/spark-3.0.2-bin-hadoop2.7/jars/* -Xmx1g org.apache.spark.deploy.worker.Worker --webui-port 8081 spark://172.16.16.101:7077 -c 4
========================================
Using Spark's default log4j profile: org/apache/spark/log4j-defaults.properties
21/02/28 11:53:22 INFO Worker: Started daemon with process name: 5661@desktop1
21/02/28 11:53:22 INFO SignalUtils: Registered signal handler for TERM
21/02/28 11:53:22 INFO SignalUtils: Registered signal handler for HUP
21/02/28 11:53:22 INFO SignalUtils: Registered signal handler for INT
21/02/28 11:53:22 WARN Utils: Your hostname, desktop1 resolves to a loopback address: 127.0.0.1; using 172.16.16.101 instead (on interface eno1)
21/02/28 11:53:22 WARN Utils: Set SPARK_LOCAL_IP if you need to bind to another address
21/02/28 11:53:22 WARN NativeCodeLoader: Unable to load native-hadoop library for your platform... using builtin-java classes where applicable
21/02/28 11:53:22 INFO SecurityManager: Changing view acls to: laal
21/02/28 11:53:22 INFO SecurityManager: Changing modify acls to: laal
21/02/28 11:53:22 INFO SecurityManager: Changing view acls groups to: 
21/02/28 11:53:22 INFO SecurityManager: Changing modify acls groups to: 
21/02/28 11:53:22 INFO SecurityManager: SecurityManager: authentication disabled; ui acls disabled; users  with view permissions: Set(laal); groups with view permissions: Set(); users  with modify permissions: Set(laal); groups with modify permissions: Set()
21/02/28 11:53:22 INFO Utils: Successfully started service 'sparkWorker' on port 43856.
21/02/28 11:53:23 INFO Worker: Starting Spark worker 172.16.16.101:43856 with 4 cores, 23.4 GiB RAM
21/02/28 11:53:23 INFO Worker: Running Spark version 3.0.2
21/02/28 11:53:23 INFO Worker: Spark home: /home/laal/MAG/spark-3.0.2-bin-hadoop2.7
21/02/28 11:53:23 INFO ResourceUtils: ==============================================================
21/02/28 11:53:23 INFO ResourceUtils: Resources for spark.worker:

21/02/28 11:53:23 INFO ResourceUtils: ==============================================================
21/02/28 11:53:23 INFO Utils: Successfully started service 'WorkerUI' on port 8081.
21/02/28 11:53:23 INFO WorkerWebUI: Bound WorkerWebUI to 0.0.0.0, and started at http://desktop1.hpc.itu.dk:8081
21/02/28 11:53:23 INFO Worker: Connecting to master 172.16.16.101:7077...
21/02/28 11:53:23 INFO TransportClientFactory: Successfully created connection to /172.16.16.101:7077 after 22 ms (0 ms spent in bootstraps)
21/02/28 11:53:23 INFO Worker: Successfully registered with master spark://172.16.16.101:7077
Using Spark's default log4j profile: org/apache/spark/log4j-defaults.properties
21/02/28 11:53:24 INFO Worker: Started daemon with process name: 16616@desktop3
Using Spark's default log4j profile: org/apache/spark/log4j-defaults.properties
21/02/28 11:53:24 INFO SignalUtils: Registered signal handler for TERM
21/02/28 11:53:24 INFO SignalUtils: Registered signal handler for HUP
21/02/28 11:53:24 INFO SignalUtils: Registered signal handler for INT
21/02/28 11:53:24 INFO Worker: Started daemon with process name: 12736@desktop2
21/02/28 11:53:24 INFO SignalUtils: Registered signal handler for TERM
21/02/28 11:53:24 INFO SignalUtils: Registered signal handler for HUP
21/02/28 11:53:24 INFO SignalUtils: Registered signal handler for INT
21/02/28 11:53:24 WARN Utils: Your hostname, desktop3 resolves to a loopback address: 127.0.0.1; using 172.16.16.103 instead (on interface eno1)
21/02/28 11:53:24 WARN Utils: Set SPARK_LOCAL_IP if you need to bind to another address
21/02/28 11:53:24 WARN Utils: Your hostname, desktop2 resolves to a loopback address: 127.0.0.1; using 172.16.16.102 instead (on interface eno1)
21/02/28 11:53:24 WARN Utils: Set SPARK_LOCAL_IP if you need to bind to another address
21/02/28 11:53:25 WARN NativeCodeLoader: Unable to load native-hadoop library for your platform... using builtin-java classes where applicable
21/02/28 11:53:25 WARN NativeCodeLoader: Unable to load native-hadoop library for your platform... using builtin-java classes where applicable
21/02/28 11:53:25 INFO SecurityManager: Changing view acls to: laal
21/02/28 11:53:25 INFO SecurityManager: Changing modify acls to: laal
21/02/28 11:53:25 INFO SecurityManager: Changing view acls groups to: 
21/02/28 11:53:25 INFO SecurityManager: Changing modify acls groups to: 
21/02/28 11:53:25 INFO SecurityManager: Changing view acls to: laal
21/02/28 11:53:25 INFO SecurityManager: SecurityManager: authentication disabled; ui acls disabled; users  with view permissions: Set(laal); groups with view permissions: Set(); users  with modify permissions: Set(laal); groups with modify permissions: Set()
21/02/28 11:53:25 INFO SecurityManager: Changing modify acls to: laal
21/02/28 11:53:25 INFO SecurityManager: Changing view acls groups to: 
21/02/28 11:53:25 INFO SecurityManager: Changing modify acls groups to: 
21/02/28 11:53:25 INFO SecurityManager: SecurityManager: authentication disabled; ui acls disabled; users  with view permissions: Set(laal); groups with view permissions: Set(); users  with modify permissions: Set(laal); groups with modify permissions: Set()
21/02/28 11:53:25 INFO Utils: Successfully started service 'sparkWorker' on port 36573.
21/02/28 11:53:25 INFO Utils: Successfully started service 'sparkWorker' on port 40997.
21/02/28 11:53:25 INFO Worker: Starting Spark worker 172.16.16.103:36573 with 4 cores, 23.4 GiB RAM
21/02/28 11:53:25 INFO Worker: Starting Spark worker 172.16.16.102:40997 with 4 cores, 23.4 GiB RAM
21/02/28 11:53:25 INFO Worker: Running Spark version 3.0.2
21/02/28 11:53:25 INFO Worker: Spark home: /home/laal/MAG/spark-3.0.2-bin-hadoop2.7
21/02/28 11:53:25 INFO Worker: Running Spark version 3.0.2
21/02/28 11:53:25 INFO Worker: Spark home: /home/laal/MAG/spark-3.0.2-bin-hadoop2.7
21/02/28 11:53:25 INFO ResourceUtils: ==============================================================
21/02/28 11:53:25 INFO ResourceUtils: Resources for spark.worker:

21/02/28 11:53:25 INFO ResourceUtils: ==============================================================
21/02/28 11:53:25 INFO ResourceUtils: ==============================================================
21/02/28 11:53:25 INFO ResourceUtils: Resources for spark.worker:

21/02/28 11:53:25 INFO ResourceUtils: ==============================================================
21/02/28 11:53:26 INFO Utils: Successfully started service 'WorkerUI' on port 8081.
21/02/28 11:53:26 INFO Utils: Successfully started service 'WorkerUI' on port 8081.
21/02/28 11:53:26 INFO WorkerWebUI: Bound WorkerWebUI to 0.0.0.0, and started at http://desktop2.hpc.itu.dk:8081
21/02/28 11:53:26 INFO Worker: Connecting to master 172.16.16.101:7077...
21/02/28 11:53:26 INFO WorkerWebUI: Bound WorkerWebUI to 0.0.0.0, and started at http://desktop3.hpc.itu.dk:8081
21/02/28 11:53:26 INFO Worker: Connecting to master 172.16.16.101:7077...
21/02/28 11:53:26 INFO TransportClientFactory: Successfully created connection to /172.16.16.101:7077 after 34 ms (0 ms spent in bootstraps)
21/02/28 11:53:26 INFO TransportClientFactory: Successfully created connection to /172.16.16.101:7077 after 34 ms (0 ms spent in bootstraps)
21/02/28 11:53:26 INFO Worker: Successfully registered with master spark://172.16.16.101:7077
21/02/28 11:53:26 INFO Worker: Successfully registered with master spark://172.16.16.101:7077
21/02/28 12:00:13 INFO Worker: Asked to launch executor app-20210228120013-0000/0 for pyspark-shell
21/02/28 12:00:13 INFO Worker: Asked to launch executor app-20210228120013-0000/1 for pyspark-shell
21/02/28 12:00:13 INFO Worker: Asked to launch executor app-20210228120013-0000/2 for pyspark-shell
21/02/28 12:00:13 INFO SecurityManager: Changing view acls to: laal
21/02/28 12:00:13 INFO SecurityManager: Changing modify acls to: laal
21/02/28 12:00:13 INFO SecurityManager: Changing view acls groups to: 
21/02/28 12:00:13 INFO SecurityManager: Changing modify acls groups to: 
21/02/28 12:00:13 INFO SecurityManager: SecurityManager: authentication disabled; ui acls disabled; users  with view permissions: Set(laal); groups with view permissions: Set(); users  with modify permissions: Set(laal); groups with modify permissions: Set()
21/02/28 12:00:13 INFO SecurityManager: Changing view acls to: laal
21/02/28 12:00:13 INFO SecurityManager: Changing modify acls to: laal
21/02/28 12:00:13 INFO SecurityManager: Changing view acls groups to: 
21/02/28 12:00:13 INFO SecurityManager: Changing modify acls groups to: 
21/02/28 12:00:13 INFO SecurityManager: SecurityManager: authentication disabled; ui acls disabled; users  with view permissions: Set(laal); groups with view permissions: Set(); users  with modify permissions: Set(laal); groups with modify permissions: Set()
21/02/28 12:00:13 INFO SecurityManager: Changing view acls to: laal
21/02/28 12:00:13 INFO SecurityManager: Changing modify acls to: laal
21/02/28 12:00:13 INFO SecurityManager: Changing view acls groups to: 
21/02/28 12:00:13 INFO SecurityManager: Changing modify acls groups to: 
21/02/28 12:00:13 INFO SecurityManager: SecurityManager: authentication disabled; ui acls disabled; users  with view permissions: Set(laal); groups with view permissions: Set(); users  with modify permissions: Set(laal); groups with modify permissions: Set()
21/02/28 12:00:14 INFO ExecutorRunner: Launch command: "/usr/lib/jvm/java-1.8.0-openjdk-1.8.0.242.b08-0.el7_7.x86_64/bin/java" "-cp" "/home/laal/MAG/spark-3.0.2-bin-hadoop2.7/conf/:/home/laal/MAG/spark-3.0.2-bin-hadoop2.7/jars/*" "-Xmx20000M" "-Dspark.driver.port=38898" "org.apache.spark.executor.CoarseGrainedExecutorBackend" "--driver-url" "spark://CoarseGrainedScheduler@desktop4.hpc.itu.dk:38898" "--executor-id" "0" "--hostname" "172.16.16.101" "--cores" "4" "--app-id" "app-20210228120013-0000" "--worker-url" "spark://Worker@172.16.16.101:43856"
21/02/28 12:00:14 INFO ExecutorRunner: Launch command: "/usr/lib/jvm/java-1.8.0-openjdk-1.8.0.242.b08-0.el7_7.x86_64/bin/java" "-cp" "/home/laal/MAG/spark-3.0.2-bin-hadoop2.7/conf/:/home/laal/MAG/spark-3.0.2-bin-hadoop2.7/jars/*" "-Xmx20000M" "-Dspark.driver.port=38898" "org.apache.spark.executor.CoarseGrainedExecutorBackend" "--driver-url" "spark://CoarseGrainedScheduler@desktop4.hpc.itu.dk:38898" "--executor-id" "2" "--hostname" "172.16.16.103" "--cores" "4" "--app-id" "app-20210228120013-0000" "--worker-url" "spark://Worker@172.16.16.103:36573"
21/02/28 12:00:14 INFO ExecutorRunner: Launch command: "/usr/lib/jvm/java-1.8.0-openjdk-1.8.0.242.b08-0.el7_7.x86_64/bin/java" "-cp" "/home/laal/MAG/spark-3.0.2-bin-hadoop2.7/conf/:/home/laal/MAG/spark-3.0.2-bin-hadoop2.7/jars/*" "-Xmx20000M" "-Dspark.driver.port=38898" "org.apache.spark.executor.CoarseGrainedExecutorBackend" "--driver-url" "spark://CoarseGrainedScheduler@desktop4.hpc.itu.dk:38898" "--executor-id" "1" "--hostname" "172.16.16.102" "--cores" "4" "--app-id" "app-20210228120013-0000" "--worker-url" "spark://Worker@172.16.16.102:40997"
21/02/28 12:28:29 INFO Worker: Asked to kill executor app-20210228120013-0000/0
21/02/28 12:28:29 INFO Worker: Asked to kill executor app-20210228120013-0000/2
21/02/28 12:28:29 INFO Worker: Asked to kill executor app-20210228120013-0000/1
21/02/28 12:28:29 INFO ExecutorRunner: Runner thread for executor app-20210228120013-0000/0 interrupted
21/02/28 12:28:29 INFO ExecutorRunner: Killing process!
21/02/28 12:28:29 INFO ExecutorRunner: Runner thread for executor app-20210228120013-0000/2 interrupted
21/02/28 12:28:29 INFO ExecutorRunner: Killing process!
21/02/28 12:28:29 INFO ExecutorRunner: Runner thread for executor app-20210228120013-0000/1 interrupted
21/02/28 12:28:29 INFO ExecutorRunner: Killing process!
21/02/28 12:28:29 INFO Worker: Executor app-20210228120013-0000/0 finished with state KILLED exitStatus 143
21/02/28 12:28:29 INFO ExternalShuffleBlockResolver: Clean up non-shuffle and non-RDD files associated with the finished executor 0
21/02/28 12:28:30 INFO ExternalShuffleBlockResolver: Executor is not registered (appId=app-20210228120013-0000, execId=0)
21/02/28 12:28:30 INFO Worker: Cleaning up local directories for application app-20210228120013-0000
21/02/28 12:28:30 INFO ExternalShuffleBlockResolver: Application app-20210228120013-0000 removed, cleanupLocalDirs = true
21/02/28 12:28:30 INFO Worker: Executor app-20210228120013-0000/1 finished with state KILLED exitStatus 143
21/02/28 12:28:30 INFO ExternalShuffleBlockResolver: Clean up non-shuffle and non-RDD files associated with the finished executor 1
21/02/28 12:28:30 INFO ExternalShuffleBlockResolver: Executor is not registered (appId=app-20210228120013-0000, execId=1)
21/02/28 12:28:30 INFO Worker: Cleaning up local directories for application app-20210228120013-0000
21/02/28 12:28:30 INFO ExternalShuffleBlockResolver: Application app-20210228120013-0000 removed, cleanupLocalDirs = true
21/02/28 12:28:30 INFO Worker: Executor app-20210228120013-0000/2 finished with state KILLED exitStatus 143
21/02/28 12:28:30 INFO ExternalShuffleBlockResolver: Clean up non-shuffle and non-RDD files associated with the finished executor 2
21/02/28 12:28:30 INFO ExternalShuffleBlockResolver: Executor is not registered (appId=app-20210228120013-0000, execId=2)
21/02/28 12:28:30 INFO Worker: Cleaning up local directories for application app-20210228120013-0000
21/02/28 12:28:30 INFO ExternalShuffleBlockResolver: Application app-20210228120013-0000 removed, cleanupLocalDirs = true
21/02/28 12:28:33 WARN JavaUtils: Attempt to delete using native Unix OS command failed for path = /home/laal/MAG/TMP/spark-60212f36-686b-49a8-83d4-402e4c1c0ff0/executor-fb386eba-05b3-4894-a1db-ffcb02707c92. Falling back to Java IO way
java.io.IOException: Failed to delete: /home/laal/MAG/TMP/spark-60212f36-686b-49a8-83d4-402e4c1c0ff0/executor-fb386eba-05b3-4894-a1db-ffcb02707c92
	at org.apache.spark.network.util.JavaUtils.deleteRecursivelyUsingUnixNative(JavaUtils.java:171)
	at org.apache.spark.network.util.JavaUtils.deleteRecursively(JavaUtils.java:110)
	at org.apache.spark.network.util.JavaUtils.deleteRecursively(JavaUtils.java:91)
	at org.apache.spark.util.Utils$.deleteRecursively(Utils.scala:1079)
	at org.apache.spark.deploy.worker.Worker.$anonfun$maybeCleanupApplication$5(Worker.scala:693)
	at org.apache.spark.deploy.worker.Worker.$anonfun$maybeCleanupApplication$5$adapted(Worker.scala:692)
	at scala.collection.IndexedSeqOptimized.foreach(IndexedSeqOptimized.scala:36)
	at scala.collection.IndexedSeqOptimized.foreach$(IndexedSeqOptimized.scala:33)
	at scala.collection.mutable.WrappedArray.foreach(WrappedArray.scala:38)
	at org.apache.spark.deploy.worker.Worker.$anonfun$maybeCleanupApplication$3(Worker.scala:692)
	at scala.runtime.java8.JFunction0$mcV$sp.apply(JFunction0$mcV$sp.java:23)
	at scala.concurrent.Future$.$anonfun$apply$1(Future.scala:659)
	at scala.util.Success.$anonfun$map$1(Try.scala:255)
	at scala.util.Success.map(Try.scala:213)
	at scala.concurrent.Future.$anonfun$map$1(Future.scala:292)
	at scala.concurrent.impl.Promise.liftedTree1$1(Promise.scala:33)
	at scala.concurrent.impl.Promise.$anonfun$transform$1(Promise.scala:33)
	at scala.concurrent.impl.CallbackRunnable.run(Promise.scala:64)
	at java.util.concurrent.ThreadPoolExecutor.runWorker(ThreadPoolExecutor.java:1149)
	at java.util.concurrent.ThreadPoolExecutor$Worker.run(ThreadPoolExecutor.java:624)
	at java.lang.Thread.run(Thread.java:748)
21/02/28 12:28:33 WARN JavaUtils: Attempt to delete using native Unix OS command failed for path = /home/laal/MAG/TMP/spark-493a3d65-7ff8-4876-af79-44acd925f332/executor-b7c692e6-a0d9-4eb0-9fdc-f23cbcc3fafe. Falling back to Java IO way
java.io.IOException: Failed to delete: /home/laal/MAG/TMP/spark-493a3d65-7ff8-4876-af79-44acd925f332/executor-b7c692e6-a0d9-4eb0-9fdc-f23cbcc3fafe
	at org.apache.spark.network.util.JavaUtils.deleteRecursivelyUsingUnixNative(JavaUtils.java:171)
	at org.apache.spark.network.util.JavaUtils.deleteRecursively(JavaUtils.java:110)
	at org.apache.spark.network.util.JavaUtils.deleteRecursively(JavaUtils.java:91)
	at org.apache.spark.util.Utils$.deleteRecursively(Utils.scala:1079)
	at org.apache.spark.deploy.worker.Worker.$anonfun$maybeCleanupApplication$5(Worker.scala:693)
	at org.apache.spark.deploy.worker.Worker.$anonfun$maybeCleanupApplication$5$adapted(Worker.scala:692)
	at scala.collection.IndexedSeqOptimized.foreach(IndexedSeqOptimized.scala:36)
	at scala.collection.IndexedSeqOptimized.foreach$(IndexedSeqOptimized.scala:33)
	at scala.collection.mutable.WrappedArray.foreach(WrappedArray.scala:38)
	at org.apache.spark.deploy.worker.Worker.$anonfun$maybeCleanupApplication$3(Worker.scala:692)
	at scala.runtime.java8.JFunction0$mcV$sp.apply(JFunction0$mcV$sp.java:23)
	at scala.concurrent.Future$.$anonfun$apply$1(Future.scala:659)
	at scala.util.Success.$anonfun$map$1(Try.scala:255)
	at scala.util.Success.map(Try.scala:213)
	at scala.concurrent.Future.$anonfun$map$1(Future.scala:292)
	at scala.concurrent.impl.Promise.liftedTree1$1(Promise.scala:33)
	at scala.concurrent.impl.Promise.$anonfun$transform$1(Promise.scala:33)
	at scala.concurrent.impl.CallbackRunnable.run(Promise.scala:64)
	at java.util.concurrent.ThreadPoolExecutor.runWorker(ThreadPoolExecutor.java:1149)
	at java.util.concurrent.ThreadPoolExecutor$Worker.run(ThreadPoolExecutor.java:624)
	at java.lang.Thread.run(Thread.java:748)
21/02/28 12:28:34 WARN JavaUtils: Attempt to delete using native Unix OS command failed for path = /home/laal/MAG/TMP/spark-ea3df9a1-32ae-45b3-9d69-eb5552d4cfef/executor-8b3855b4-f05f-408d-b948-b1d6b01e8b86. Falling back to Java IO way
java.io.IOException: Failed to delete: /home/laal/MAG/TMP/spark-ea3df9a1-32ae-45b3-9d69-eb5552d4cfef/executor-8b3855b4-f05f-408d-b948-b1d6b01e8b86
	at org.apache.spark.network.util.JavaUtils.deleteRecursivelyUsingUnixNative(JavaUtils.java:171)
	at org.apache.spark.network.util.JavaUtils.deleteRecursively(JavaUtils.java:110)
	at org.apache.spark.network.util.JavaUtils.deleteRecursively(JavaUtils.java:91)
	at org.apache.spark.util.Utils$.deleteRecursively(Utils.scala:1079)
	at org.apache.spark.deploy.worker.Worker.$anonfun$maybeCleanupApplication$5(Worker.scala:693)
	at org.apache.spark.deploy.worker.Worker.$anonfun$maybeCleanupApplication$5$adapted(Worker.scala:692)
	at scala.collection.IndexedSeqOptimized.foreach(IndexedSeqOptimized.scala:36)
	at scala.collection.IndexedSeqOptimized.foreach$(IndexedSeqOptimized.scala:33)
	at scala.collection.mutable.WrappedArray.foreach(WrappedArray.scala:38)
	at org.apache.spark.deploy.worker.Worker.$anonfun$maybeCleanupApplication$3(Worker.scala:692)
	at scala.runtime.java8.JFunction0$mcV$sp.apply(JFunction0$mcV$sp.java:23)
	at scala.concurrent.Future$.$anonfun$apply$1(Future.scala:659)
	at scala.util.Success.$anonfun$map$1(Try.scala:255)
	at scala.util.Success.map(Try.scala:213)
	at scala.concurrent.Future.$anonfun$map$1(Future.scala:292)
	at scala.concurrent.impl.Promise.liftedTree1$1(Promise.scala:33)
	at scala.concurrent.impl.Promise.$anonfun$transform$1(Promise.scala:33)
	at scala.concurrent.impl.CallbackRunnable.run(Promise.scala:64)
	at java.util.concurrent.ThreadPoolExecutor.runWorker(ThreadPoolExecutor.java:1149)
	at java.util.concurrent.ThreadPoolExecutor$Worker.run(ThreadPoolExecutor.java:624)
	at java.lang.Thread.run(Thread.java:748)
21/02/28 12:28:49 INFO Worker: Asked to launch executor app-20210228122849-0001/1 for pyspark-shell
21/02/28 12:28:49 INFO Worker: Asked to launch executor app-20210228122849-0001/0 for pyspark-shell
21/02/28 12:28:49 INFO Worker: Asked to launch executor app-20210228122849-0001/2 for pyspark-shell
21/02/28 12:28:49 INFO SecurityManager: Changing view acls to: laal
21/02/28 12:28:49 INFO SecurityManager: Changing modify acls to: laal
21/02/28 12:28:49 INFO SecurityManager: Changing view acls groups to: 
21/02/28 12:28:49 INFO SecurityManager: Changing modify acls groups to: 
21/02/28 12:28:49 INFO SecurityManager: Changing view acls to: laal
21/02/28 12:28:49 INFO SecurityManager: SecurityManager: authentication disabled; ui acls disabled; users  with view permissions: Set(laal); groups with view permissions: Set(); users  with modify permissions: Set(laal); groups with modify permissions: Set()
21/02/28 12:28:49 INFO SecurityManager: Changing modify acls to: laal
21/02/28 12:28:49 INFO SecurityManager: Changing view acls groups to: 
21/02/28 12:28:49 INFO SecurityManager: Changing modify acls groups to: 
21/02/28 12:28:49 INFO SecurityManager: SecurityManager: authentication disabled; ui acls disabled; users  with view permissions: Set(laal); groups with view permissions: Set(); users  with modify permissions: Set(laal); groups with modify permissions: Set()
21/02/28 12:28:49 INFO SecurityManager: Changing view acls to: laal
21/02/28 12:28:49 INFO SecurityManager: Changing modify acls to: laal
21/02/28 12:28:49 INFO SecurityManager: Changing view acls groups to: 
21/02/28 12:28:49 INFO SecurityManager: Changing modify acls groups to: 
21/02/28 12:28:49 INFO SecurityManager: SecurityManager: authentication disabled; ui acls disabled; users  with view permissions: Set(laal); groups with view permissions: Set(); users  with modify permissions: Set(laal); groups with modify permissions: Set()
21/02/28 12:28:49 INFO ExecutorRunner: Launch command: "/usr/lib/jvm/java-1.8.0-openjdk-1.8.0.242.b08-0.el7_7.x86_64/bin/java" "-cp" "/home/laal/MAG/spark-3.0.2-bin-hadoop2.7/conf/:/home/laal/MAG/spark-3.0.2-bin-hadoop2.7/jars/*" "-Xmx20000M" "-Dspark.driver.port=36238" "org.apache.spark.executor.CoarseGrainedExecutorBackend" "--driver-url" "spark://CoarseGrainedScheduler@desktop4.hpc.itu.dk:36238" "--executor-id" "1" "--hostname" "172.16.16.102" "--cores" "4" "--app-id" "app-20210228122849-0001" "--worker-url" "spark://Worker@172.16.16.102:40997"
21/02/28 12:28:49 INFO ExecutorRunner: Launch command: "/usr/lib/jvm/java-1.8.0-openjdk-1.8.0.242.b08-0.el7_7.x86_64/bin/java" "-cp" "/home/laal/MAG/spark-3.0.2-bin-hadoop2.7/conf/:/home/laal/MAG/spark-3.0.2-bin-hadoop2.7/jars/*" "-Xmx20000M" "-Dspark.driver.port=36238" "org.apache.spark.executor.CoarseGrainedExecutorBackend" "--driver-url" "spark://CoarseGrainedScheduler@desktop4.hpc.itu.dk:36238" "--executor-id" "2" "--hostname" "172.16.16.103" "--cores" "4" "--app-id" "app-20210228122849-0001" "--worker-url" "spark://Worker@172.16.16.103:36573"
21/02/28 12:28:49 INFO ExecutorRunner: Launch command: "/usr/lib/jvm/java-1.8.0-openjdk-1.8.0.242.b08-0.el7_7.x86_64/bin/java" "-cp" "/home/laal/MAG/spark-3.0.2-bin-hadoop2.7/conf/:/home/laal/MAG/spark-3.0.2-bin-hadoop2.7/jars/*" "-Xmx20000M" "-Dspark.driver.port=36238" "org.apache.spark.executor.CoarseGrainedExecutorBackend" "--driver-url" "spark://CoarseGrainedScheduler@desktop4.hpc.itu.dk:36238" "--executor-id" "0" "--hostname" "172.16.16.101" "--cores" "4" "--app-id" "app-20210228122849-0001" "--worker-url" "spark://Worker@172.16.16.101:43856"
21/02/28 12:30:19 INFO Worker: Asked to kill executor app-20210228122849-0001/2
21/02/28 12:30:19 INFO ExecutorRunner: Runner thread for executor app-20210228122849-0001/2 interrupted
21/02/28 12:30:19 INFO ExecutorRunner: Killing process!
21/02/28 12:30:19 INFO Worker: Asked to kill executor app-20210228122849-0001/1
21/02/28 12:30:19 INFO ExecutorRunner: Runner thread for executor app-20210228122849-0001/1 interrupted
21/02/28 12:30:19 INFO ExecutorRunner: Killing process!
21/02/28 12:30:19 INFO Worker: Asked to kill executor app-20210228122849-0001/0
21/02/28 12:30:19 INFO ExecutorRunner: Runner thread for executor app-20210228122849-0001/0 interrupted
21/02/28 12:30:19 INFO ExecutorRunner: Killing process!
21/02/28 12:30:19 INFO Worker: Executor app-20210228122849-0001/2 finished with state KILLED exitStatus 143
21/02/28 12:30:19 INFO ExternalShuffleBlockResolver: Clean up non-shuffle and non-RDD files associated with the finished executor 2
21/02/28 12:30:19 INFO ExternalShuffleBlockResolver: Executor is not registered (appId=app-20210228122849-0001, execId=2)
21/02/28 12:30:19 INFO ExternalShuffleBlockResolver: Application app-20210228122849-0001 removed, cleanupLocalDirs = true
21/02/28 12:30:19 INFO Worker: Cleaning up local directories for application app-20210228122849-0001
21/02/28 12:30:19 INFO Worker: Executor app-20210228122849-0001/0 finished with state KILLED exitStatus 143
21/02/28 12:30:19 INFO ExternalShuffleBlockResolver: Clean up non-shuffle and non-RDD files associated with the finished executor 0
21/02/28 12:30:19 INFO ExternalShuffleBlockResolver: Executor is not registered (appId=app-20210228122849-0001, execId=0)
21/02/28 12:30:19 INFO Worker: Cleaning up local directories for application app-20210228122849-0001
21/02/28 12:30:19 INFO ExternalShuffleBlockResolver: Application app-20210228122849-0001 removed, cleanupLocalDirs = true
21/02/28 12:30:19 INFO Worker: Executor app-20210228122849-0001/1 finished with state KILLED exitStatus 143
21/02/28 12:30:19 INFO ExternalShuffleBlockResolver: Clean up non-shuffle and non-RDD files associated with the finished executor 1
21/02/28 12:30:19 INFO ExternalShuffleBlockResolver: Executor is not registered (appId=app-20210228122849-0001, execId=1)
21/02/28 12:30:19 INFO Worker: Cleaning up local directories for application app-20210228122849-0001
21/02/28 12:30:19 INFO ExternalShuffleBlockResolver: Application app-20210228122849-0001 removed, cleanupLocalDirs = true
21/02/28 12:30:31 INFO Worker: Asked to launch executor app-20210228123031-0002/0 for pyspark-shell
21/02/28 12:30:31 INFO Worker: Asked to launch executor app-20210228123031-0002/1 for pyspark-shell
21/02/28 12:30:31 INFO Worker: Asked to launch executor app-20210228123031-0002/2 for pyspark-shell
21/02/28 12:30:31 INFO SecurityManager: Changing view acls to: laal
21/02/28 12:30:31 INFO SecurityManager: Changing modify acls to: laal
21/02/28 12:30:31 INFO SecurityManager: Changing view acls groups to: 
21/02/28 12:30:31 INFO SecurityManager: Changing modify acls groups to: 
21/02/28 12:30:31 INFO SecurityManager: SecurityManager: authentication disabled; ui acls disabled; users  with view permissions: Set(laal); groups with view permissions: Set(); users  with modify permissions: Set(laal); groups with modify permissions: Set()
21/02/28 12:30:31 INFO SecurityManager: Changing view acls to: laal
21/02/28 12:30:31 INFO SecurityManager: Changing modify acls to: laal
21/02/28 12:30:31 INFO SecurityManager: Changing view acls groups to: 
21/02/28 12:30:31 INFO SecurityManager: Changing modify acls groups to: 
21/02/28 12:30:31 INFO SecurityManager: SecurityManager: authentication disabled; ui acls disabled; users  with view permissions: Set(laal); groups with view permissions: Set(); users  with modify permissions: Set(laal); groups with modify permissions: Set()
21/02/28 12:30:31 INFO ExecutorRunner: Launch command: "/usr/lib/jvm/java-1.8.0-openjdk-1.8.0.242.b08-0.el7_7.x86_64/bin/java" "-cp" "/home/laal/MAG/spark-3.0.2-bin-hadoop2.7/conf/:/home/laal/MAG/spark-3.0.2-bin-hadoop2.7/jars/*" "-Xmx20000M" "-Dspark.driver.port=33720" "org.apache.spark.executor.CoarseGrainedExecutorBackend" "--driver-url" "spark://CoarseGrainedScheduler@desktop4.hpc.itu.dk:33720" "--executor-id" "0" "--hostname" "172.16.16.101" "--cores" "4" "--app-id" "app-20210228123031-0002" "--worker-url" "spark://Worker@172.16.16.101:43856"
21/02/28 12:30:31 INFO ExecutorRunner: Launch command: "/usr/lib/jvm/java-1.8.0-openjdk-1.8.0.242.b08-0.el7_7.x86_64/bin/java" "-cp" "/home/laal/MAG/spark-3.0.2-bin-hadoop2.7/conf/:/home/laal/MAG/spark-3.0.2-bin-hadoop2.7/jars/*" "-Xmx20000M" "-Dspark.driver.port=33720" "org.apache.spark.executor.CoarseGrainedExecutorBackend" "--driver-url" "spark://CoarseGrainedScheduler@desktop4.hpc.itu.dk:33720" "--executor-id" "2" "--hostname" "172.16.16.103" "--cores" "4" "--app-id" "app-20210228123031-0002" "--worker-url" "spark://Worker@172.16.16.103:36573"
21/02/28 12:30:31 INFO SecurityManager: Changing view acls to: laal
21/02/28 12:30:31 INFO SecurityManager: Changing modify acls to: laal
21/02/28 12:30:31 INFO SecurityManager: Changing view acls groups to: 
21/02/28 12:30:31 INFO SecurityManager: Changing modify acls groups to: 
21/02/28 12:30:31 INFO SecurityManager: SecurityManager: authentication disabled; ui acls disabled; users  with view permissions: Set(laal); groups with view permissions: Set(); users  with modify permissions: Set(laal); groups with modify permissions: Set()
21/02/28 12:30:31 INFO ExecutorRunner: Launch command: "/usr/lib/jvm/java-1.8.0-openjdk-1.8.0.242.b08-0.el7_7.x86_64/bin/java" "-cp" "/home/laal/MAG/spark-3.0.2-bin-hadoop2.7/conf/:/home/laal/MAG/spark-3.0.2-bin-hadoop2.7/jars/*" "-Xmx20000M" "-Dspark.driver.port=33720" "org.apache.spark.executor.CoarseGrainedExecutorBackend" "--driver-url" "spark://CoarseGrainedScheduler@desktop4.hpc.itu.dk:33720" "--executor-id" "1" "--hostname" "172.16.16.102" "--cores" "4" "--app-id" "app-20210228123031-0002" "--worker-url" "spark://Worker@172.16.16.102:40997"
21/02/28 12:50:47 INFO Worker: Executor app-20210228123031-0002/2 finished with state EXITED message Command exited with code 137 exitStatus 137
21/02/28 12:50:47 INFO ExternalShuffleBlockResolver: Clean up non-shuffle and non-RDD files associated with the finished executor 2
21/02/28 12:50:47 INFO ExternalShuffleBlockResolver: Executor is not registered (appId=app-20210228123031-0002, execId=2)
21/02/28 12:50:47 INFO Worker: Asked to launch executor app-20210228123031-0002/3 for pyspark-shell
21/02/28 12:50:47 INFO SecurityManager: Changing view acls to: laal
21/02/28 12:50:47 INFO SecurityManager: Changing modify acls to: laal
21/02/28 12:50:47 INFO SecurityManager: Changing view acls groups to: 
21/02/28 12:50:47 INFO SecurityManager: Changing modify acls groups to: 
21/02/28 12:50:47 INFO SecurityManager: SecurityManager: authentication disabled; ui acls disabled; users  with view permissions: Set(laal); groups with view permissions: Set(); users  with modify permissions: Set(laal); groups with modify permissions: Set()
21/02/28 12:50:47 INFO ExecutorRunner: Launch command: "/usr/lib/jvm/java-1.8.0-openjdk-1.8.0.242.b08-0.el7_7.x86_64/bin/java" "-cp" "/home/laal/MAG/spark-3.0.2-bin-hadoop2.7/conf/:/home/laal/MAG/spark-3.0.2-bin-hadoop2.7/jars/*" "-Xmx20000M" "-Dspark.driver.port=33720" "org.apache.spark.executor.CoarseGrainedExecutorBackend" "--driver-url" "spark://CoarseGrainedScheduler@desktop4.hpc.itu.dk:33720" "--executor-id" "3" "--hostname" "172.16.16.103" "--cores" "4" "--app-id" "app-20210228123031-0002" "--worker-url" "spark://Worker@172.16.16.103:36573"
21/02/28 12:57:46 INFO Worker: Executor app-20210228123031-0002/1 finished with state EXITED message Command exited with code 137 exitStatus 137
21/02/28 12:57:46 INFO ExternalShuffleBlockResolver: Clean up non-shuffle and non-RDD files associated with the finished executor 1
21/02/28 12:57:46 INFO ExternalShuffleBlockResolver: Executor is not registered (appId=app-20210228123031-0002, execId=1)
21/02/28 12:57:46 INFO Worker: Asked to launch executor app-20210228123031-0002/4 for pyspark-shell
21/02/28 12:57:48 INFO SecurityManager: Changing view acls to: laal
21/02/28 12:57:48 INFO SecurityManager: Changing modify acls to: laal
21/02/28 12:57:48 INFO SecurityManager: Changing view acls groups to: 
21/02/28 12:57:48 INFO SecurityManager: Changing modify acls groups to: 
21/02/28 12:57:48 INFO SecurityManager: SecurityManager: authentication disabled; ui acls disabled; users  with view permissions: Set(laal); groups with view permissions: Set(); users  with modify permissions: Set(laal); groups with modify permissions: Set()
21/02/28 12:57:48 INFO ExecutorRunner: Launch command: "/usr/lib/jvm/java-1.8.0-openjdk-1.8.0.242.b08-0.el7_7.x86_64/bin/java" "-cp" "/home/laal/MAG/spark-3.0.2-bin-hadoop2.7/conf/:/home/laal/MAG/spark-3.0.2-bin-hadoop2.7/jars/*" "-Xmx20000M" "-Dspark.driver.port=33720" "org.apache.spark.executor.CoarseGrainedExecutorBackend" "--driver-url" "spark://CoarseGrainedScheduler@desktop4.hpc.itu.dk:33720" "--executor-id" "4" "--hostname" "172.16.16.102" "--cores" "4" "--app-id" "app-20210228123031-0002" "--worker-url" "spark://Worker@172.16.16.102:40997"
21/02/28 13:12:43 INFO Worker: Executor app-20210228123031-0002/4 finished with state EXITED message Command exited with code 137 exitStatus 137
21/02/28 13:12:43 INFO ExternalShuffleBlockResolver: Clean up non-shuffle and non-RDD files associated with the finished executor 4
21/02/28 13:12:43 INFO ExternalShuffleBlockResolver: Executor is not registered (appId=app-20210228123031-0002, execId=4)
21/02/28 13:12:43 INFO Worker: Asked to launch executor app-20210228123031-0002/5 for pyspark-shell
21/02/28 13:12:43 INFO SecurityManager: Changing view acls to: laal
21/02/28 13:12:43 INFO SecurityManager: Changing modify acls to: laal
21/02/28 13:12:43 INFO SecurityManager: Changing view acls groups to: 
21/02/28 13:12:43 INFO SecurityManager: Changing modify acls groups to: 
21/02/28 13:12:43 INFO SecurityManager: SecurityManager: authentication disabled; ui acls disabled; users  with view permissions: Set(laal); groups with view permissions: Set(); users  with modify permissions: Set(laal); groups with modify permissions: Set()
21/02/28 13:12:43 INFO ExecutorRunner: Launch command: "/usr/lib/jvm/java-1.8.0-openjdk-1.8.0.242.b08-0.el7_7.x86_64/bin/java" "-cp" "/home/laal/MAG/spark-3.0.2-bin-hadoop2.7/conf/:/home/laal/MAG/spark-3.0.2-bin-hadoop2.7/jars/*" "-Xmx20000M" "-Dspark.driver.port=33720" "org.apache.spark.executor.CoarseGrainedExecutorBackend" "--driver-url" "spark://CoarseGrainedScheduler@desktop4.hpc.itu.dk:33720" "--executor-id" "5" "--hostname" "172.16.16.102" "--cores" "4" "--app-id" "app-20210228123031-0002" "--worker-url" "spark://Worker@172.16.16.102:40997"
21/02/28 13:23:49 INFO Worker: Asked to kill executor app-20210228123031-0002/5
21/02/28 13:23:49 INFO Worker: Asked to kill executor app-20210228123031-0002/0
21/02/28 13:23:49 INFO Worker: Asked to kill executor app-20210228123031-0002/3
21/02/28 13:23:49 INFO ExecutorRunner: Runner thread for executor app-20210228123031-0002/5 interrupted
21/02/28 13:23:49 INFO ExecutorRunner: Runner thread for executor app-20210228123031-0002/0 interrupted
21/02/28 13:23:49 INFO ExecutorRunner: Runner thread for executor app-20210228123031-0002/3 interrupted
21/02/28 13:23:49 INFO ExecutorRunner: Killing process!
21/02/28 13:23:49 INFO ExecutorRunner: Killing process!
21/02/28 13:23:49 INFO ExecutorRunner: Killing process!
21/02/28 13:23:51 INFO Worker: Executor app-20210228123031-0002/0 finished with state KILLED exitStatus 143
21/02/28 13:23:51 INFO ExternalShuffleBlockResolver: Clean up non-shuffle and non-RDD files associated with the finished executor 0
21/02/28 13:23:51 INFO ExternalShuffleBlockResolver: Executor is not registered (appId=app-20210228123031-0002, execId=0)
21/02/28 13:23:51 INFO ExternalShuffleBlockResolver: Application app-20210228123031-0002 removed, cleanupLocalDirs = true
21/02/28 13:23:51 INFO Worker: Cleaning up local directories for application app-20210228123031-0002
21/02/28 13:23:54 INFO Worker: Executor app-20210228123031-0002/5 finished with state KILLED exitStatus 143
21/02/28 13:23:54 INFO ExternalShuffleBlockResolver: Clean up non-shuffle and non-RDD files associated with the finished executor 5
21/02/28 13:23:54 INFO ExternalShuffleBlockResolver: Executor is not registered (appId=app-20210228123031-0002, execId=5)
21/02/28 13:23:54 INFO Worker: Cleaning up local directories for application app-20210228123031-0002
21/02/28 13:23:54 INFO ExternalShuffleBlockResolver: Application app-20210228123031-0002 removed, cleanupLocalDirs = true
21/02/28 13:24:00 INFO Worker: Executor app-20210228123031-0002/3 finished with state KILLED exitStatus 143
21/02/28 13:24:00 INFO ExternalShuffleBlockResolver: Clean up non-shuffle and non-RDD files associated with the finished executor 3
21/02/28 13:24:00 INFO ExternalShuffleBlockResolver: Executor is not registered (appId=app-20210228123031-0002, execId=3)
21/02/28 13:24:00 INFO Worker: Cleaning up local directories for application app-20210228123031-0002
21/02/28 13:24:00 INFO ExternalShuffleBlockResolver: Application app-20210228123031-0002 removed, cleanupLocalDirs = true
21/02/28 13:24:07 INFO Worker: Asked to launch executor app-20210228132407-0003/1 for pyspark-shell
21/02/28 13:24:07 INFO Worker: Asked to launch executor app-20210228132407-0003/2 for pyspark-shell
21/02/28 13:24:07 INFO SecurityManager: Changing view acls to: laal
21/02/28 13:24:07 INFO SecurityManager: Changing modify acls to: laal
21/02/28 13:24:07 INFO SecurityManager: Changing view acls groups to: 
21/02/28 13:24:07 INFO SecurityManager: Changing modify acls groups to: 
21/02/28 13:24:07 INFO SecurityManager: SecurityManager: authentication disabled; ui acls disabled; users  with view permissions: Set(laal); groups with view permissions: Set(); users  with modify permissions: Set(laal); groups with modify permissions: Set()
21/02/28 13:24:07 INFO SecurityManager: Changing view acls to: laal
21/02/28 13:24:07 INFO SecurityManager: Changing modify acls to: laal
21/02/28 13:24:07 INFO SecurityManager: Changing view acls groups to: 
21/02/28 13:24:07 INFO SecurityManager: Changing modify acls groups to: 
21/02/28 13:24:07 INFO SecurityManager: SecurityManager: authentication disabled; ui acls disabled; users  with view permissions: Set(laal); groups with view permissions: Set(); users  with modify permissions: Set(laal); groups with modify permissions: Set()
21/02/28 13:24:07 INFO Worker: Asked to launch executor app-20210228132407-0003/0 for pyspark-shell
21/02/28 13:24:07 INFO ExecutorRunner: Launch command: "/usr/lib/jvm/java-1.8.0-openjdk-1.8.0.242.b08-0.el7_7.x86_64/bin/java" "-cp" "/home/laal/MAG/spark-3.0.2-bin-hadoop2.7/conf/:/home/laal/MAG/spark-3.0.2-bin-hadoop2.7/jars/*" "-Xmx20000M" "-Dspark.driver.port=38946" "org.apache.spark.executor.CoarseGrainedExecutorBackend" "--driver-url" "spark://CoarseGrainedScheduler@desktop4.hpc.itu.dk:38946" "--executor-id" "1" "--hostname" "172.16.16.102" "--cores" "4" "--app-id" "app-20210228132407-0003" "--worker-url" "spark://Worker@172.16.16.102:40997"
21/02/28 13:24:07 INFO SecurityManager: Changing view acls to: laal
21/02/28 13:24:07 INFO SecurityManager: Changing modify acls to: laal
21/02/28 13:24:07 INFO SecurityManager: Changing view acls groups to: 
21/02/28 13:24:07 INFO SecurityManager: Changing modify acls groups to: 
21/02/28 13:24:07 INFO SecurityManager: SecurityManager: authentication disabled; ui acls disabled; users  with view permissions: Set(laal); groups with view permissions: Set(); users  with modify permissions: Set(laal); groups with modify permissions: Set()
21/02/28 13:24:07 INFO ExecutorRunner: Launch command: "/usr/lib/jvm/java-1.8.0-openjdk-1.8.0.242.b08-0.el7_7.x86_64/bin/java" "-cp" "/home/laal/MAG/spark-3.0.2-bin-hadoop2.7/conf/:/home/laal/MAG/spark-3.0.2-bin-hadoop2.7/jars/*" "-Xmx20000M" "-Dspark.driver.port=38946" "org.apache.spark.executor.CoarseGrainedExecutorBackend" "--driver-url" "spark://CoarseGrainedScheduler@desktop4.hpc.itu.dk:38946" "--executor-id" "2" "--hostname" "172.16.16.103" "--cores" "4" "--app-id" "app-20210228132407-0003" "--worker-url" "spark://Worker@172.16.16.103:36573"
21/02/28 13:24:07 INFO ExecutorRunner: Launch command: "/usr/lib/jvm/java-1.8.0-openjdk-1.8.0.242.b08-0.el7_7.x86_64/bin/java" "-cp" "/home/laal/MAG/spark-3.0.2-bin-hadoop2.7/conf/:/home/laal/MAG/spark-3.0.2-bin-hadoop2.7/jars/*" "-Xmx20000M" "-Dspark.driver.port=38946" "org.apache.spark.executor.CoarseGrainedExecutorBackend" "--driver-url" "spark://CoarseGrainedScheduler@desktop4.hpc.itu.dk:38946" "--executor-id" "0" "--hostname" "172.16.16.101" "--cores" "4" "--app-id" "app-20210228132407-0003" "--worker-url" "spark://Worker@172.16.16.101:43856"
21/02/28 13:25:01 INFO Worker: Asked to kill executor app-20210228132407-0003/2
21/02/28 13:25:01 INFO ExecutorRunner: Runner thread for executor app-20210228132407-0003/2 interrupted
21/02/28 13:25:01 INFO Worker: Asked to kill executor app-20210228132407-0003/1
21/02/28 13:25:01 INFO ExecutorRunner: Killing process!
21/02/28 13:25:01 INFO ExecutorRunner: Runner thread for executor app-20210228132407-0003/1 interrupted
21/02/28 13:25:01 INFO ExecutorRunner: Killing process!
21/02/28 13:25:01 INFO Worker: Asked to kill executor app-20210228132407-0003/0
21/02/28 13:25:01 INFO ExecutorRunner: Runner thread for executor app-20210228132407-0003/0 interrupted
21/02/28 13:25:01 INFO ExecutorRunner: Killing process!
21/02/28 13:25:01 INFO Worker: Executor app-20210228132407-0003/0 finished with state KILLED exitStatus 143
21/02/28 13:25:01 INFO ExternalShuffleBlockResolver: Clean up non-shuffle and non-RDD files associated with the finished executor 0
21/02/28 13:25:01 INFO ExternalShuffleBlockResolver: Executor is not registered (appId=app-20210228132407-0003, execId=0)
21/02/28 13:25:01 INFO ExternalShuffleBlockResolver: Application app-20210228132407-0003 removed, cleanupLocalDirs = true
21/02/28 13:25:01 INFO Worker: Cleaning up local directories for application app-20210228132407-0003
21/02/28 13:25:01 INFO Worker: Executor app-20210228132407-0003/2 finished with state KILLED exitStatus 143
21/02/28 13:25:01 INFO Worker: Executor app-20210228132407-0003/1 finished with state KILLED exitStatus 143
21/02/28 13:25:01 INFO ExternalShuffleBlockResolver: Clean up non-shuffle and non-RDD files associated with the finished executor 1
21/02/28 13:25:01 INFO ExternalShuffleBlockResolver: Executor is not registered (appId=app-20210228132407-0003, execId=1)
21/02/28 13:25:01 INFO Worker: Cleaning up local directories for application app-20210228132407-0003
21/02/28 13:25:01 INFO ExternalShuffleBlockResolver: Application app-20210228132407-0003 removed, cleanupLocalDirs = true
21/02/28 13:25:01 INFO ExternalShuffleBlockResolver: Clean up non-shuffle and non-RDD files associated with the finished executor 2
21/02/28 13:25:01 INFO ExternalShuffleBlockResolver: Executor is not registered (appId=app-20210228132407-0003, execId=2)
21/02/28 13:25:01 INFO Worker: Cleaning up local directories for application app-20210228132407-0003
21/02/28 13:25:01 INFO ExternalShuffleBlockResolver: Application app-20210228132407-0003 removed, cleanupLocalDirs = true
21/02/28 13:26:01 INFO Worker: Asked to launch executor app-20210228132601-0004/1 for pyspark-shell
21/02/28 13:26:01 INFO Worker: Asked to launch executor app-20210228132601-0004/0 for pyspark-shell
21/02/28 13:26:01 INFO Worker: Asked to launch executor app-20210228132601-0004/2 for pyspark-shell
21/02/28 13:26:01 INFO SecurityManager: Changing view acls to: laal
21/02/28 13:26:01 INFO SecurityManager: Changing modify acls to: laal
21/02/28 13:26:01 INFO SecurityManager: Changing view acls groups to: 
21/02/28 13:26:01 INFO SecurityManager: Changing modify acls groups to: 
21/02/28 13:26:01 INFO SecurityManager: SecurityManager: authentication disabled; ui acls disabled; users  with view permissions: Set(laal); groups with view permissions: Set(); users  with modify permissions: Set(laal); groups with modify permissions: Set()
21/02/28 13:26:01 INFO SecurityManager: Changing view acls to: laal
21/02/28 13:26:01 INFO SecurityManager: Changing modify acls to: laal
21/02/28 13:26:01 INFO SecurityManager: Changing view acls to: laal
21/02/28 13:26:01 INFO SecurityManager: Changing view acls groups to: 
21/02/28 13:26:01 INFO SecurityManager: Changing modify acls groups to: 
21/02/28 13:26:01 INFO SecurityManager: Changing modify acls to: laal
21/02/28 13:26:01 INFO SecurityManager: SecurityManager: authentication disabled; ui acls disabled; users  with view permissions: Set(laal); groups with view permissions: Set(); users  with modify permissions: Set(laal); groups with modify permissions: Set()
21/02/28 13:26:01 INFO SecurityManager: Changing view acls groups to: 
21/02/28 13:26:01 INFO SecurityManager: Changing modify acls groups to: 
21/02/28 13:26:01 INFO SecurityManager: SecurityManager: authentication disabled; ui acls disabled; users  with view permissions: Set(laal); groups with view permissions: Set(); users  with modify permissions: Set(laal); groups with modify permissions: Set()
21/02/28 13:26:01 INFO ExecutorRunner: Launch command: "/usr/lib/jvm/java-1.8.0-openjdk-1.8.0.242.b08-0.el7_7.x86_64/bin/java" "-cp" "/home/laal/MAG/spark-3.0.2-bin-hadoop2.7/conf/:/home/laal/MAG/spark-3.0.2-bin-hadoop2.7/jars/*" "-Xmx16000M" "-Dspark.driver.port=45811" "org.apache.spark.executor.CoarseGrainedExecutorBackend" "--driver-url" "spark://CoarseGrainedScheduler@desktop4.hpc.itu.dk:45811" "--executor-id" "1" "--hostname" "172.16.16.102" "--cores" "4" "--app-id" "app-20210228132601-0004" "--worker-url" "spark://Worker@172.16.16.102:40997"
21/02/28 13:26:01 INFO ExecutorRunner: Launch command: "/usr/lib/jvm/java-1.8.0-openjdk-1.8.0.242.b08-0.el7_7.x86_64/bin/java" "-cp" "/home/laal/MAG/spark-3.0.2-bin-hadoop2.7/conf/:/home/laal/MAG/spark-3.0.2-bin-hadoop2.7/jars/*" "-Xmx16000M" "-Dspark.driver.port=45811" "org.apache.spark.executor.CoarseGrainedExecutorBackend" "--driver-url" "spark://CoarseGrainedScheduler@desktop4.hpc.itu.dk:45811" "--executor-id" "0" "--hostname" "172.16.16.101" "--cores" "4" "--app-id" "app-20210228132601-0004" "--worker-url" "spark://Worker@172.16.16.101:43856"
21/02/28 13:26:01 INFO ExecutorRunner: Launch command: "/usr/lib/jvm/java-1.8.0-openjdk-1.8.0.242.b08-0.el7_7.x86_64/bin/java" "-cp" "/home/laal/MAG/spark-3.0.2-bin-hadoop2.7/conf/:/home/laal/MAG/spark-3.0.2-bin-hadoop2.7/jars/*" "-Xmx16000M" "-Dspark.driver.port=45811" "org.apache.spark.executor.CoarseGrainedExecutorBackend" "--driver-url" "spark://CoarseGrainedScheduler@desktop4.hpc.itu.dk:45811" "--executor-id" "2" "--hostname" "172.16.16.103" "--cores" "4" "--app-id" "app-20210228132601-0004" "--worker-url" "spark://Worker@172.16.16.103:36573"
21/03/01 01:09:51 INFO Worker: Executor app-20210228132601-0004/0 finished with state EXITED message Command exited with code 137 exitStatus 137
21/03/01 01:09:51 INFO ExternalShuffleBlockResolver: Clean up non-shuffle and non-RDD files associated with the finished executor 0
21/03/01 01:09:51 INFO ExternalShuffleBlockResolver: Executor is not registered (appId=app-20210228132601-0004, execId=0)
21/03/01 01:09:51 INFO Worker: Asked to launch executor app-20210228132601-0004/3 for pyspark-shell
21/03/01 01:09:55 INFO SecurityManager: Changing view acls to: laal
21/03/01 01:09:55 INFO SecurityManager: Changing modify acls to: laal
21/03/01 01:09:55 INFO SecurityManager: Changing view acls groups to: 
21/03/01 01:09:55 INFO SecurityManager: Changing modify acls groups to: 
21/03/01 01:09:55 INFO SecurityManager: SecurityManager: authentication disabled; ui acls disabled; users  with view permissions: Set(laal); groups with view permissions: Set(); users  with modify permissions: Set(laal); groups with modify permissions: Set()
21/03/01 01:09:56 INFO ExecutorRunner: Launch command: "/usr/lib/jvm/java-1.8.0-openjdk-1.8.0.242.b08-0.el7_7.x86_64/bin/java" "-cp" "/home/laal/MAG/spark-3.0.2-bin-hadoop2.7/conf/:/home/laal/MAG/spark-3.0.2-bin-hadoop2.7/jars/*" "-Xmx16000M" "-Dspark.driver.port=45811" "org.apache.spark.executor.CoarseGrainedExecutorBackend" "--driver-url" "spark://CoarseGrainedScheduler@desktop4.hpc.itu.dk:45811" "--executor-id" "3" "--hostname" "172.16.16.101" "--cores" "4" "--app-id" "app-20210228132601-0004" "--worker-url" "spark://Worker@172.16.16.101:43856"
21/03/01 01:27:49 INFO Worker: Executor app-20210228132601-0004/2 finished with state EXITED message Command exited with code 137 exitStatus 137
21/03/01 01:27:49 INFO ExternalShuffleBlockResolver: Clean up non-shuffle and non-RDD files associated with the finished executor 2
21/03/01 01:27:49 INFO ExternalShuffleBlockResolver: Executor is not registered (appId=app-20210228132601-0004, execId=2)
21/03/01 01:27:49 INFO Worker: Asked to launch executor app-20210228132601-0004/4 for pyspark-shell
21/03/01 01:27:49 INFO SecurityManager: Changing view acls to: laal
21/03/01 01:27:49 INFO SecurityManager: Changing modify acls to: laal
21/03/01 01:27:49 INFO SecurityManager: Changing view acls groups to: 
21/03/01 01:27:49 INFO SecurityManager: Changing modify acls groups to: 
21/03/01 01:27:49 INFO SecurityManager: SecurityManager: authentication disabled; ui acls disabled; users  with view permissions: Set(laal); groups with view permissions: Set(); users  with modify permissions: Set(laal); groups with modify permissions: Set()
21/03/01 01:27:50 INFO ExecutorRunner: Launch command: "/usr/lib/jvm/java-1.8.0-openjdk-1.8.0.242.b08-0.el7_7.x86_64/bin/java" "-cp" "/home/laal/MAG/spark-3.0.2-bin-hadoop2.7/conf/:/home/laal/MAG/spark-3.0.2-bin-hadoop2.7/jars/*" "-Xmx16000M" "-Dspark.driver.port=45811" "org.apache.spark.executor.CoarseGrainedExecutorBackend" "--driver-url" "spark://CoarseGrainedScheduler@desktop4.hpc.itu.dk:45811" "--executor-id" "4" "--hostname" "172.16.16.103" "--cores" "4" "--app-id" "app-20210228132601-0004" "--worker-url" "spark://Worker@172.16.16.103:36573"
21/03/01 01:29:08 INFO Worker: Executor app-20210228132601-0004/1 finished with state EXITED message Command exited with code 137 exitStatus 137
21/03/01 01:29:08 INFO ExternalShuffleBlockResolver: Clean up non-shuffle and non-RDD files associated with the finished executor 1
21/03/01 01:29:08 INFO ExternalShuffleBlockResolver: Executor is not registered (appId=app-20210228132601-0004, execId=1)
21/03/01 01:29:08 INFO Worker: Asked to launch executor app-20210228132601-0004/5 for pyspark-shell
21/03/01 01:29:08 INFO SecurityManager: Changing view acls to: laal
21/03/01 01:29:08 INFO SecurityManager: Changing modify acls to: laal
21/03/01 01:29:08 INFO SecurityManager: Changing view acls groups to: 
21/03/01 01:29:08 INFO SecurityManager: Changing modify acls groups to: 
21/03/01 01:29:08 INFO SecurityManager: SecurityManager: authentication disabled; ui acls disabled; users  with view permissions: Set(laal); groups with view permissions: Set(); users  with modify permissions: Set(laal); groups with modify permissions: Set()
21/03/01 01:29:08 INFO ExecutorRunner: Launch command: "/usr/lib/jvm/java-1.8.0-openjdk-1.8.0.242.b08-0.el7_7.x86_64/bin/java" "-cp" "/home/laal/MAG/spark-3.0.2-bin-hadoop2.7/conf/:/home/laal/MAG/spark-3.0.2-bin-hadoop2.7/jars/*" "-Xmx16000M" "-Dspark.driver.port=45811" "org.apache.spark.executor.CoarseGrainedExecutorBackend" "--driver-url" "spark://CoarseGrainedScheduler@desktop4.hpc.itu.dk:45811" "--executor-id" "5" "--hostname" "172.16.16.102" "--cores" "4" "--app-id" "app-20210228132601-0004" "--worker-url" "spark://Worker@172.16.16.102:40997"
srun: Job step aborted: Waiting up to 32 seconds for job step to finish.
slurmstepd: error: Detected 3 oom-kill event(s) in step 36578.1 cgroup. Some of your processes may have been killed by the cgroup out-of-memory handler.
slurmstepd: error: *** STEP 36578.1 ON desktop1 CANCELLED AT 2021-03-01T11:22:08 ***
slurmstepd: error: Detected 2 oom-kill event(s) in step 36578.1 cgroup. Some of your processes may have been killed by the cgroup out-of-memory handler.
slurmstepd: error: Detected 2 oom-kill event(s) in step 36578.1 cgroup. Some of your processes may have been killed by the cgroup out-of-memory handler.
slurmstepd: error: *** JOB 36578 ON desktop1 CANCELLED AT 2021-03-01T11:22:08 ***
slurmstepd: error: Detected 2 oom-kill event(s) in step 36578.batch cgroup. Some of your processes may have been killed by the cgroup out-of-memory handler.
