Running on desktop1:
INFO:sparkhpc.sparkjob:master command: /home/laal/MAG/spark-3.0.2-bin-hadoop2.7/sbin/start-master.sh
INFO:sparkhpc.sparkjob:[[92mstart_cluster] [0mmaster running at spark://172.16.16.101:7077
INFO:sparkhpc.sparkjob:[[92mstart_cluster] [0mmaster UI available at http://desktop1.hpc.itu.dk:8080
What is going on
I GOT THE SCHEDULER
slurm
master_command: /home/laal/MAG/spark-3.0.2-bin-hadoop2.7/sbin/start-master.sh
['desktop1', 'desktop2', 'desktop3']
INFO:sparkhpc.sparkjob:slaves command: srun /home/laal/MAG/spark-3.0.2-bin-hadoop2.7/sbin/start-slave.sh spark://172.16.16.101:7077 -c 4
INFO:sparkhpc.sparkjob:XXX SLAVES SLAVES: srun /home/laal/MAG/spark-3.0.2-bin-hadoop2.7/sbin/start-slave.sh spark://172.16.16.101:7077 -c 4
starting org.apache.spark.deploy.worker.Worker, logging to /home/laal/MAG/spark-3.0.2-bin-hadoop2.7/logs/spark-laal-org.apache.spark.deploy.worker.Worker-1-desktop1.out
starting org.apache.spark.deploy.worker.Worker, logging to /home/laal/MAG/spark-3.0.2-bin-hadoop2.7/logs/spark-laal-org.apache.spark.deploy.worker.Worker-1-desktop1.out
starting org.apache.spark.deploy.worker.Worker, logging to /home/laal/MAG/spark-3.0.2-bin-hadoop2.7/logs/spark-laal-org.apache.spark.deploy.worker.Worker-1-desktop1.out
Spark Command: /usr/lib/jvm/java-1.8.0-openjdk-1.8.0.242.b08-0.el7_7.x86_64/bin/java -cp /home/laal/MAG/spark-3.0.2-bin-hadoop2.7/conf/:/home/laal/MAG/spark-3.0.2-bin-hadoop2.7/jars/* -Xmx1g org.apache.spark.deploy.worker.Worker --webui-port 8081 spark://172.16.16.101:7077 -c 4
========================================
Spark Command: /usr/lib/jvm/java-1.8.0-openjdk-1.8.0.242.b08-0.el7_7.x86_64/bin/java -cp /home/laal/MAG/spark-3.0.2-bin-hadoop2.7/conf/:/home/laal/MAG/spark-3.0.2-bin-hadoop2.7/jars/* -Xmx1g org.apache.spark.deploy.worker.Worker --webui-port 8081 spark://172.16.16.101:7077 -c 4
Spark Command: /usr/lib/jvm/java-1.8.0-openjdk-1.8.0.242.b08-0.el7_7.x86_64/bin/java -cp /home/laal/MAG/spark-3.0.2-bin-hadoop2.7/conf/:/home/laal/MAG/spark-3.0.2-bin-hadoop2.7/jars/* -Xmx1g org.apache.spark.deploy.worker.Worker --webui-port 8081 spark://172.16.16.101:7077 -c 4
========================================
========================================
Using Spark's default log4j profile: org/apache/spark/log4j-defaults.properties
21/03/01 11:24:16 INFO Worker: Started daemon with process name: 21150@desktop1
21/03/01 11:24:16 INFO SignalUtils: Registered signal handler for TERM
21/03/01 11:24:16 INFO SignalUtils: Registered signal handler for HUP
21/03/01 11:24:16 INFO SignalUtils: Registered signal handler for INT
21/03/01 11:24:16 WARN Utils: Your hostname, desktop1 resolves to a loopback address: 127.0.0.1; using 172.16.16.101 instead (on interface eno1)
21/03/01 11:24:16 WARN Utils: Set SPARK_LOCAL_IP if you need to bind to another address
21/03/01 11:24:16 WARN NativeCodeLoader: Unable to load native-hadoop library for your platform... using builtin-java classes where applicable
21/03/01 11:24:17 INFO SecurityManager: Changing view acls to: laal
21/03/01 11:24:17 INFO SecurityManager: Changing modify acls to: laal
21/03/01 11:24:17 INFO SecurityManager: Changing view acls groups to: 
21/03/01 11:24:17 INFO SecurityManager: Changing modify acls groups to: 
21/03/01 11:24:17 INFO SecurityManager: SecurityManager: authentication disabled; ui acls disabled; users  with view permissions: Set(laal); groups with view permissions: Set(); users  with modify permissions: Set(laal); groups with modify permissions: Set()
21/03/01 11:24:17 INFO Utils: Successfully started service 'sparkWorker' on port 39718.
21/03/01 11:24:17 INFO Worker: Starting Spark worker 172.16.16.101:39718 with 4 cores, 23.4 GiB RAM
21/03/01 11:24:17 INFO Worker: Running Spark version 3.0.2
21/03/01 11:24:17 INFO Worker: Spark home: /home/laal/MAG/spark-3.0.2-bin-hadoop2.7
21/03/01 11:24:17 INFO ResourceUtils: ==============================================================
21/03/01 11:24:17 INFO ResourceUtils: Resources for spark.worker:

21/03/01 11:24:17 INFO ResourceUtils: ==============================================================
21/03/01 11:24:17 INFO Utils: Successfully started service 'WorkerUI' on port 8081.
21/03/01 11:24:17 INFO WorkerWebUI: Bound WorkerWebUI to 0.0.0.0, and started at http://desktop1.hpc.itu.dk:8081
21/03/01 11:24:17 INFO Worker: Connecting to master 172.16.16.101:7077...
21/03/01 11:24:17 INFO TransportClientFactory: Successfully created connection to /172.16.16.101:7077 after 28 ms (0 ms spent in bootstraps)
21/03/01 11:24:17 INFO Worker: Successfully registered with master spark://172.16.16.101:7077
Using Spark's default log4j profile: org/apache/spark/log4j-defaults.properties
21/03/01 11:24:18 INFO Worker: Started daemon with process name: 30725@desktop3
21/03/01 11:24:19 INFO SignalUtils: Registered signal handler for TERM
21/03/01 11:24:19 INFO SignalUtils: Registered signal handler for HUP
21/03/01 11:24:19 INFO SignalUtils: Registered signal handler for INT
21/03/01 11:24:19 WARN Utils: Your hostname, desktop3 resolves to a loopback address: 127.0.0.1; using 172.16.16.103 instead (on interface eno1)
21/03/01 11:24:19 WARN Utils: Set SPARK_LOCAL_IP if you need to bind to another address
Using Spark's default log4j profile: org/apache/spark/log4j-defaults.properties
21/03/01 11:24:19 INFO Worker: Started daemon with process name: 26727@desktop2
21/03/01 11:24:19 INFO SignalUtils: Registered signal handler for TERM
21/03/01 11:24:19 INFO SignalUtils: Registered signal handler for HUP
21/03/01 11:24:19 INFO SignalUtils: Registered signal handler for INT
21/03/01 11:24:19 WARN Utils: Your hostname, desktop2 resolves to a loopback address: 127.0.0.1; using 172.16.16.102 instead (on interface eno1)
21/03/01 11:24:19 WARN Utils: Set SPARK_LOCAL_IP if you need to bind to another address
21/03/01 11:24:19 WARN NativeCodeLoader: Unable to load native-hadoop library for your platform... using builtin-java classes where applicable
21/03/01 11:24:19 INFO SecurityManager: Changing view acls to: laal
21/03/01 11:24:19 INFO SecurityManager: Changing modify acls to: laal
21/03/01 11:24:19 INFO SecurityManager: Changing view acls groups to: 
21/03/01 11:24:19 INFO SecurityManager: Changing modify acls groups to: 
21/03/01 11:24:19 INFO SecurityManager: SecurityManager: authentication disabled; ui acls disabled; users  with view permissions: Set(laal); groups with view permissions: Set(); users  with modify permissions: Set(laal); groups with modify permissions: Set()
21/03/01 11:24:19 WARN NativeCodeLoader: Unable to load native-hadoop library for your platform... using builtin-java classes where applicable
21/03/01 11:24:19 INFO SecurityManager: Changing view acls to: laal
21/03/01 11:24:19 INFO SecurityManager: Changing modify acls to: laal
21/03/01 11:24:19 INFO SecurityManager: Changing view acls groups to: 
21/03/01 11:24:19 INFO SecurityManager: Changing modify acls groups to: 
21/03/01 11:24:19 INFO SecurityManager: SecurityManager: authentication disabled; ui acls disabled; users  with view permissions: Set(laal); groups with view permissions: Set(); users  with modify permissions: Set(laal); groups with modify permissions: Set()
21/03/01 11:24:20 INFO Utils: Successfully started service 'sparkWorker' on port 41270.
21/03/01 11:24:20 INFO Worker: Starting Spark worker 172.16.16.103:41270 with 4 cores, 23.4 GiB RAM
21/03/01 11:24:20 INFO Worker: Running Spark version 3.0.2
21/03/01 11:24:20 INFO Worker: Spark home: /home/laal/MAG/spark-3.0.2-bin-hadoop2.7
21/03/01 11:24:20 INFO ResourceUtils: ==============================================================
21/03/01 11:24:20 INFO ResourceUtils: Resources for spark.worker:

21/03/01 11:24:20 INFO ResourceUtils: ==============================================================
21/03/01 11:24:20 INFO Utils: Successfully started service 'sparkWorker' on port 44200.
21/03/01 11:24:20 INFO Utils: Successfully started service 'WorkerUI' on port 8081.
21/03/01 11:24:20 INFO WorkerWebUI: Bound WorkerWebUI to 0.0.0.0, and started at http://desktop3.hpc.itu.dk:8081
21/03/01 11:24:20 INFO Worker: Connecting to master 172.16.16.101:7077...
21/03/01 11:24:20 INFO TransportClientFactory: Successfully created connection to /172.16.16.101:7077 after 43 ms (0 ms spent in bootstraps)
21/03/01 11:24:20 INFO Worker: Starting Spark worker 172.16.16.102:44200 with 4 cores, 23.4 GiB RAM
21/03/01 11:24:20 INFO Worker: Running Spark version 3.0.2
21/03/01 11:24:20 INFO Worker: Spark home: /home/laal/MAG/spark-3.0.2-bin-hadoop2.7
21/03/01 11:24:20 INFO ResourceUtils: ==============================================================
21/03/01 11:24:20 INFO ResourceUtils: Resources for spark.worker:

21/03/01 11:24:20 INFO ResourceUtils: ==============================================================
21/03/01 11:24:20 INFO Worker: Successfully registered with master spark://172.16.16.101:7077
21/03/01 11:24:20 INFO Utils: Successfully started service 'WorkerUI' on port 8081.
21/03/01 11:24:20 INFO WorkerWebUI: Bound WorkerWebUI to 0.0.0.0, and started at http://desktop2.hpc.itu.dk:8081
21/03/01 11:24:20 INFO Worker: Connecting to master 172.16.16.101:7077...
21/03/01 11:24:20 INFO TransportClientFactory: Successfully created connection to /172.16.16.101:7077 after 40 ms (0 ms spent in bootstraps)
21/03/01 11:24:20 INFO Worker: Successfully registered with master spark://172.16.16.101:7077
21/03/01 11:31:50 INFO Worker: Asked to launch executor app-20210301113150-0000/0 for pyspark-shell
21/03/01 11:31:50 INFO Worker: Asked to launch executor app-20210301113150-0000/1 for pyspark-shell
21/03/01 11:31:50 INFO Worker: Asked to launch executor app-20210301113150-0000/2 for pyspark-shell
21/03/01 11:31:50 INFO SecurityManager: Changing view acls to: laal
21/03/01 11:31:50 INFO SecurityManager: Changing modify acls to: laal
21/03/01 11:31:50 INFO SecurityManager: Changing view acls groups to: 
21/03/01 11:31:50 INFO SecurityManager: Changing modify acls groups to: 
21/03/01 11:31:50 INFO SecurityManager: SecurityManager: authentication disabled; ui acls disabled; users  with view permissions: Set(laal); groups with view permissions: Set(); users  with modify permissions: Set(laal); groups with modify permissions: Set()
21/03/01 11:31:50 INFO ExecutorRunner: Launch command: "/usr/lib/jvm/java-1.8.0-openjdk-1.8.0.242.b08-0.el7_7.x86_64/bin/java" "-cp" "/home/laal/MAG/spark-3.0.2-bin-hadoop2.7/conf/:/home/laal/MAG/spark-3.0.2-bin-hadoop2.7/jars/*" "-Xmx16000M" "-Dspark.driver.port=37889" "org.apache.spark.executor.CoarseGrainedExecutorBackend" "--driver-url" "spark://CoarseGrainedScheduler@desktop4.hpc.itu.dk:37889" "--executor-id" "0" "--hostname" "172.16.16.102" "--cores" "4" "--app-id" "app-20210301113150-0000" "--worker-url" "spark://Worker@172.16.16.102:44200"
21/03/01 11:31:51 INFO SecurityManager: Changing view acls to: laal
21/03/01 11:31:51 INFO SecurityManager: Changing modify acls to: laal
21/03/01 11:31:51 INFO SecurityManager: Changing view acls groups to: 
21/03/01 11:31:51 INFO SecurityManager: Changing modify acls groups to: 
21/03/01 11:31:51 INFO SecurityManager: SecurityManager: authentication disabled; ui acls disabled; users  with view permissions: Set(laal); groups with view permissions: Set(); users  with modify permissions: Set(laal); groups with modify permissions: Set()
21/03/01 11:31:51 INFO SecurityManager: Changing view acls to: laal
21/03/01 11:31:51 INFO SecurityManager: Changing modify acls to: laal
21/03/01 11:31:51 INFO SecurityManager: Changing view acls groups to: 
21/03/01 11:31:51 INFO SecurityManager: Changing modify acls groups to: 
21/03/01 11:31:51 INFO SecurityManager: SecurityManager: authentication disabled; ui acls disabled; users  with view permissions: Set(laal); groups with view permissions: Set(); users  with modify permissions: Set(laal); groups with modify permissions: Set()
21/03/01 11:31:51 INFO ExecutorRunner: Launch command: "/usr/lib/jvm/java-1.8.0-openjdk-1.8.0.242.b08-0.el7_7.x86_64/bin/java" "-cp" "/home/laal/MAG/spark-3.0.2-bin-hadoop2.7/conf/:/home/laal/MAG/spark-3.0.2-bin-hadoop2.7/jars/*" "-Xmx16000M" "-Dspark.driver.port=37889" "org.apache.spark.executor.CoarseGrainedExecutorBackend" "--driver-url" "spark://CoarseGrainedScheduler@desktop4.hpc.itu.dk:37889" "--executor-id" "2" "--hostname" "172.16.16.103" "--cores" "4" "--app-id" "app-20210301113150-0000" "--worker-url" "spark://Worker@172.16.16.103:41270"
21/03/01 11:31:51 INFO ExecutorRunner: Launch command: "/usr/lib/jvm/java-1.8.0-openjdk-1.8.0.242.b08-0.el7_7.x86_64/bin/java" "-cp" "/home/laal/MAG/spark-3.0.2-bin-hadoop2.7/conf/:/home/laal/MAG/spark-3.0.2-bin-hadoop2.7/jars/*" "-Xmx16000M" "-Dspark.driver.port=37889" "org.apache.spark.executor.CoarseGrainedExecutorBackend" "--driver-url" "spark://CoarseGrainedScheduler@desktop4.hpc.itu.dk:37889" "--executor-id" "1" "--hostname" "172.16.16.101" "--cores" "4" "--app-id" "app-20210301113150-0000" "--worker-url" "spark://Worker@172.16.16.101:39718"
21/03/01 13:09:06 INFO Worker: Asked to kill executor app-20210301113150-0000/1
21/03/01 13:09:06 INFO ExecutorRunner: Runner thread for executor app-20210301113150-0000/1 interrupted
21/03/01 13:09:06 INFO ExecutorRunner: Killing process!
21/03/01 13:09:06 INFO Worker: Asked to kill executor app-20210301113150-0000/0
21/03/01 13:09:06 INFO ExecutorRunner: Runner thread for executor app-20210301113150-0000/0 interrupted
21/03/01 13:09:06 INFO ExecutorRunner: Killing process!
21/03/01 13:09:06 INFO Worker: Asked to kill executor app-20210301113150-0000/2
21/03/01 13:09:06 INFO ExecutorRunner: Runner thread for executor app-20210301113150-0000/2 interrupted
21/03/01 13:09:06 INFO ExecutorRunner: Killing process!
21/03/01 13:09:07 INFO Worker: Executor app-20210301113150-0000/0 finished with state KILLED exitStatus 143
21/03/01 13:09:07 INFO ExternalShuffleBlockResolver: Clean up non-shuffle and non-RDD files associated with the finished executor 0
21/03/01 13:09:07 INFO ExternalShuffleBlockResolver: Executor is not registered (appId=app-20210301113150-0000, execId=0)
21/03/01 13:09:07 INFO Worker: Cleaning up local directories for application app-20210301113150-0000
21/03/01 13:09:07 INFO ExternalShuffleBlockResolver: Application app-20210301113150-0000 removed, cleanupLocalDirs = true
21/03/01 13:09:07 INFO Worker: Executor app-20210301113150-0000/2 finished with state KILLED exitStatus 143
21/03/01 13:09:07 INFO ExternalShuffleBlockResolver: Clean up non-shuffle and non-RDD files associated with the finished executor 2
21/03/01 13:09:07 INFO ExternalShuffleBlockResolver: Executor is not registered (appId=app-20210301113150-0000, execId=2)
21/03/01 13:09:07 INFO Worker: Cleaning up local directories for application app-20210301113150-0000
21/03/01 13:09:07 INFO ExternalShuffleBlockResolver: Application app-20210301113150-0000 removed, cleanupLocalDirs = true
21/03/01 13:09:16 INFO Worker: Executor app-20210301113150-0000/1 finished with state KILLED exitStatus 137
21/03/01 13:09:16 INFO ExternalShuffleBlockResolver: Clean up non-shuffle and non-RDD files associated with the finished executor 1
21/03/01 13:09:16 INFO ExternalShuffleBlockResolver: Executor is not registered (appId=app-20210301113150-0000, execId=1)
21/03/01 13:09:16 INFO Worker: Cleaning up local directories for application app-20210301113150-0000
21/03/01 13:09:16 INFO ExternalShuffleBlockResolver: Application app-20210301113150-0000 removed, cleanupLocalDirs = true
21/03/01 13:09:29 WARN JavaUtils: Attempt to delete using native Unix OS command failed for path = /home/laal/MAG/TMP/spark-310431f5-8696-4270-a870-7ae37cdcba02/executor-3b36d1c9-cf8e-46ef-b2b8-aaa8cc050cfe. Falling back to Java IO way
java.io.IOException: Failed to delete: /home/laal/MAG/TMP/spark-310431f5-8696-4270-a870-7ae37cdcba02/executor-3b36d1c9-cf8e-46ef-b2b8-aaa8cc050cfe
	at org.apache.spark.network.util.JavaUtils.deleteRecursivelyUsingUnixNative(JavaUtils.java:171)
	at org.apache.spark.network.util.JavaUtils.deleteRecursively(JavaUtils.java:110)
	at org.apache.spark.network.util.JavaUtils.deleteRecursively(JavaUtils.java:91)
	at org.apache.spark.util.Utils$.deleteRecursively(Utils.scala:1079)
	at org.apache.spark.deploy.worker.Worker.$anonfun$maybeCleanupApplication$5(Worker.scala:693)
	at org.apache.spark.deploy.worker.Worker.$anonfun$maybeCleanupApplication$5$adapted(Worker.scala:692)
	at scala.collection.IndexedSeqOptimized.foreach(IndexedSeqOptimized.scala:36)
	at scala.collection.IndexedSeqOptimized.foreach$(IndexedSeqOptimized.scala:33)
	at scala.collection.mutable.WrappedArray.foreach(WrappedArray.scala:38)
	at org.apache.spark.deploy.worker.Worker.$anonfun$maybeCleanupApplication$3(Worker.scala:692)
	at scala.runtime.java8.JFunction0$mcV$sp.apply(JFunction0$mcV$sp.java:23)
	at scala.concurrent.Future$.$anonfun$apply$1(Future.scala:659)
	at scala.util.Success.$anonfun$map$1(Try.scala:255)
	at scala.util.Success.map(Try.scala:213)
	at scala.concurrent.Future.$anonfun$map$1(Future.scala:292)
	at scala.concurrent.impl.Promise.liftedTree1$1(Promise.scala:33)
	at scala.concurrent.impl.Promise.$anonfun$transform$1(Promise.scala:33)
	at scala.concurrent.impl.CallbackRunnable.run(Promise.scala:64)
	at java.util.concurrent.ThreadPoolExecutor.runWorker(ThreadPoolExecutor.java:1149)
	at java.util.concurrent.ThreadPoolExecutor$Worker.run(ThreadPoolExecutor.java:624)
	at java.lang.Thread.run(Thread.java:748)
21/03/01 13:09:42 INFO Worker: Asked to launch executor app-20210301130942-0001/1 for pyspark-shell
21/03/01 13:09:42 INFO Worker: Asked to launch executor app-20210301130942-0001/2 for pyspark-shell
21/03/01 13:09:42 INFO Worker: Asked to launch executor app-20210301130942-0001/0 for pyspark-shell
21/03/01 13:09:42 INFO SecurityManager: Changing view acls to: laal
21/03/01 13:09:42 INFO SecurityManager: Changing modify acls to: laal
21/03/01 13:09:42 INFO SecurityManager: Changing view acls groups to: 
21/03/01 13:09:42 INFO SecurityManager: Changing modify acls groups to: 
21/03/01 13:09:42 INFO SecurityManager: SecurityManager: authentication disabled; ui acls disabled; users  with view permissions: Set(laal); groups with view permissions: Set(); users  with modify permissions: Set(laal); groups with modify permissions: Set()
21/03/01 13:09:42 INFO SecurityManager: Changing view acls to: laal
21/03/01 13:09:42 INFO SecurityManager: Changing modify acls to: laal
21/03/01 13:09:42 INFO SecurityManager: Changing view acls groups to: 
21/03/01 13:09:42 INFO SecurityManager: Changing modify acls groups to: 
21/03/01 13:09:42 INFO SecurityManager: SecurityManager: authentication disabled; ui acls disabled; users  with view permissions: Set(laal); groups with view permissions: Set(); users  with modify permissions: Set(laal); groups with modify permissions: Set()
21/03/01 13:09:42 INFO ExecutorRunner: Launch command: "/usr/lib/jvm/java-1.8.0-openjdk-1.8.0.242.b08-0.el7_7.x86_64/bin/java" "-cp" "/home/laal/MAG/spark-3.0.2-bin-hadoop2.7/conf/:/home/laal/MAG/spark-3.0.2-bin-hadoop2.7/jars/*" "-Xmx16000M" "-Dspark.driver.port=35448" "org.apache.spark.executor.CoarseGrainedExecutorBackend" "--driver-url" "spark://CoarseGrainedScheduler@desktop4.hpc.itu.dk:35448" "--executor-id" "2" "--hostname" "172.16.16.103" "--cores" "4" "--app-id" "app-20210301130942-0001" "--worker-url" "spark://Worker@172.16.16.103:41270"
21/03/01 13:09:42 INFO ExecutorRunner: Launch command: "/usr/lib/jvm/java-1.8.0-openjdk-1.8.0.242.b08-0.el7_7.x86_64/bin/java" "-cp" "/home/laal/MAG/spark-3.0.2-bin-hadoop2.7/conf/:/home/laal/MAG/spark-3.0.2-bin-hadoop2.7/jars/*" "-Xmx16000M" "-Dspark.driver.port=35448" "org.apache.spark.executor.CoarseGrainedExecutorBackend" "--driver-url" "spark://CoarseGrainedScheduler@desktop4.hpc.itu.dk:35448" "--executor-id" "0" "--hostname" "172.16.16.102" "--cores" "4" "--app-id" "app-20210301130942-0001" "--worker-url" "spark://Worker@172.16.16.102:44200"
21/03/01 13:09:44 INFO SecurityManager: Changing view acls to: laal
21/03/01 13:09:44 INFO SecurityManager: Changing modify acls to: laal
21/03/01 13:09:44 INFO SecurityManager: Changing view acls groups to: 
21/03/01 13:09:44 INFO SecurityManager: Changing modify acls groups to: 
21/03/01 13:09:44 INFO SecurityManager: SecurityManager: authentication disabled; ui acls disabled; users  with view permissions: Set(laal); groups with view permissions: Set(); users  with modify permissions: Set(laal); groups with modify permissions: Set()
21/03/01 13:09:44 INFO ExecutorRunner: Launch command: "/usr/lib/jvm/java-1.8.0-openjdk-1.8.0.242.b08-0.el7_7.x86_64/bin/java" "-cp" "/home/laal/MAG/spark-3.0.2-bin-hadoop2.7/conf/:/home/laal/MAG/spark-3.0.2-bin-hadoop2.7/jars/*" "-Xmx16000M" "-Dspark.driver.port=35448" "org.apache.spark.executor.CoarseGrainedExecutorBackend" "--driver-url" "spark://CoarseGrainedScheduler@desktop4.hpc.itu.dk:35448" "--executor-id" "1" "--hostname" "172.16.16.101" "--cores" "4" "--app-id" "app-20210301130942-0001" "--worker-url" "spark://Worker@172.16.16.101:39718"
21/03/01 13:26:10 INFO Worker: Asked to kill executor app-20210301130942-0001/2
21/03/01 13:26:10 INFO ExecutorRunner: Runner thread for executor app-20210301130942-0001/2 interrupted
21/03/01 13:26:10 INFO Worker: Asked to kill executor app-20210301130942-0001/0
21/03/01 13:26:10 INFO ExecutorRunner: Killing process!
21/03/01 13:26:10 INFO ExecutorRunner: Runner thread for executor app-20210301130942-0001/0 interrupted
21/03/01 13:26:10 INFO ExecutorRunner: Killing process!
21/03/01 13:26:10 INFO Worker: Asked to kill executor app-20210301130942-0001/1
21/03/01 13:26:10 INFO ExecutorRunner: Runner thread for executor app-20210301130942-0001/1 interrupted
21/03/01 13:26:10 INFO ExecutorRunner: Killing process!
21/03/01 13:26:10 INFO Worker: Executor app-20210301130942-0001/1 finished with state KILLED exitStatus 143
21/03/01 13:26:10 INFO ExternalShuffleBlockResolver: Clean up non-shuffle and non-RDD files associated with the finished executor 1
21/03/01 13:26:10 INFO ExternalShuffleBlockResolver: Executor is not registered (appId=app-20210301130942-0001, execId=1)
21/03/01 13:26:10 INFO Worker: Cleaning up local directories for application app-20210301130942-0001
21/03/01 13:26:10 INFO ExternalShuffleBlockResolver: Application app-20210301130942-0001 removed, cleanupLocalDirs = true
21/03/01 13:26:11 INFO Worker: Executor app-20210301130942-0001/2 finished with state KILLED exitStatus 143
21/03/01 13:26:11 INFO ExternalShuffleBlockResolver: Clean up non-shuffle and non-RDD files associated with the finished executor 2
21/03/01 13:26:11 INFO ExternalShuffleBlockResolver: Executor is not registered (appId=app-20210301130942-0001, execId=2)
21/03/01 13:26:11 INFO ExternalShuffleBlockResolver: Application app-20210301130942-0001 removed, cleanupLocalDirs = true
21/03/01 13:26:11 INFO Worker: Cleaning up local directories for application app-20210301130942-0001
21/03/01 13:26:11 INFO Worker: Executor app-20210301130942-0001/0 finished with state KILLED exitStatus 143
21/03/01 13:26:11 INFO ExternalShuffleBlockResolver: Clean up non-shuffle and non-RDD files associated with the finished executor 0
21/03/01 13:26:11 INFO ExternalShuffleBlockResolver: Executor is not registered (appId=app-20210301130942-0001, execId=0)
21/03/01 13:26:11 INFO ExternalShuffleBlockResolver: Application app-20210301130942-0001 removed, cleanupLocalDirs = true
21/03/01 13:26:11 INFO Worker: Cleaning up local directories for application app-20210301130942-0001
21/03/01 13:26:35 INFO Worker: Asked to launch executor app-20210301132635-0002/0 for pyspark-shell
21/03/01 13:26:35 INFO Worker: Asked to launch executor app-20210301132635-0002/1 for pyspark-shell
21/03/01 13:26:35 INFO Worker: Asked to launch executor app-20210301132635-0002/2 for pyspark-shell
21/03/01 13:26:37 INFO SecurityManager: Changing view acls to: laal
21/03/01 13:26:37 INFO SecurityManager: Changing modify acls to: laal
21/03/01 13:26:37 INFO SecurityManager: Changing view acls groups to: 
21/03/01 13:26:37 INFO SecurityManager: Changing modify acls groups to: 
21/03/01 13:26:37 INFO SecurityManager: SecurityManager: authentication disabled; ui acls disabled; users  with view permissions: Set(laal); groups with view permissions: Set(); users  with modify permissions: Set(laal); groups with modify permissions: Set()
21/03/01 13:26:37 INFO SecurityManager: Changing view acls to: laal
21/03/01 13:26:37 INFO SecurityManager: Changing modify acls to: laal
21/03/01 13:26:37 INFO SecurityManager: Changing view acls groups to: 
21/03/01 13:26:37 INFO SecurityManager: Changing modify acls groups to: 
21/03/01 13:26:37 INFO SecurityManager: SecurityManager: authentication disabled; ui acls disabled; users  with view permissions: Set(laal); groups with view permissions: Set(); users  with modify permissions: Set(laal); groups with modify permissions: Set()
21/03/01 13:26:37 INFO SecurityManager: Changing view acls to: laal
21/03/01 13:26:37 INFO SecurityManager: Changing modify acls to: laal
21/03/01 13:26:37 INFO SecurityManager: Changing view acls groups to: 
21/03/01 13:26:37 INFO SecurityManager: Changing modify acls groups to: 
21/03/01 13:26:37 INFO SecurityManager: SecurityManager: authentication disabled; ui acls disabled; users  with view permissions: Set(laal); groups with view permissions: Set(); users  with modify permissions: Set(laal); groups with modify permissions: Set()
21/03/01 13:26:37 INFO ExecutorRunner: Launch command: "/usr/lib/jvm/java-1.8.0-openjdk-1.8.0.242.b08-0.el7_7.x86_64/bin/java" "-cp" "/home/laal/MAG/spark-3.0.2-bin-hadoop2.7/conf/:/home/laal/MAG/spark-3.0.2-bin-hadoop2.7/jars/*" "-Xmx16000M" "-Dspark.driver.port=37394" "org.apache.spark.executor.CoarseGrainedExecutorBackend" "--driver-url" "spark://CoarseGrainedScheduler@desktop4.hpc.itu.dk:37394" "--executor-id" "2" "--hostname" "172.16.16.103" "--cores" "4" "--app-id" "app-20210301132635-0002" "--worker-url" "spark://Worker@172.16.16.103:41270"
21/03/01 13:26:37 INFO ExecutorRunner: Launch command: "/usr/lib/jvm/java-1.8.0-openjdk-1.8.0.242.b08-0.el7_7.x86_64/bin/java" "-cp" "/home/laal/MAG/spark-3.0.2-bin-hadoop2.7/conf/:/home/laal/MAG/spark-3.0.2-bin-hadoop2.7/jars/*" "-Xmx16000M" "-Dspark.driver.port=37394" "org.apache.spark.executor.CoarseGrainedExecutorBackend" "--driver-url" "spark://CoarseGrainedScheduler@desktop4.hpc.itu.dk:37394" "--executor-id" "0" "--hostname" "172.16.16.102" "--cores" "4" "--app-id" "app-20210301132635-0002" "--worker-url" "spark://Worker@172.16.16.102:44200"
21/03/01 13:26:37 INFO ExecutorRunner: Launch command: "/usr/lib/jvm/java-1.8.0-openjdk-1.8.0.242.b08-0.el7_7.x86_64/bin/java" "-cp" "/home/laal/MAG/spark-3.0.2-bin-hadoop2.7/conf/:/home/laal/MAG/spark-3.0.2-bin-hadoop2.7/jars/*" "-Xmx16000M" "-Dspark.driver.port=37394" "org.apache.spark.executor.CoarseGrainedExecutorBackend" "--driver-url" "spark://CoarseGrainedScheduler@desktop4.hpc.itu.dk:37394" "--executor-id" "1" "--hostname" "172.16.16.101" "--cores" "4" "--app-id" "app-20210301132635-0002" "--worker-url" "spark://Worker@172.16.16.101:39718"
21/03/01 13:27:15 INFO Worker: Asked to kill executor app-20210301132635-0002/2
21/03/01 13:27:15 INFO ExecutorRunner: Runner thread for executor app-20210301132635-0002/2 interrupted
21/03/01 13:27:15 INFO ExecutorRunner: Killing process!
21/03/01 13:27:15 INFO Worker: Asked to kill executor app-20210301132635-0002/0
21/03/01 13:27:15 INFO Worker: Asked to kill executor app-20210301132635-0002/1
21/03/01 13:27:15 INFO ExecutorRunner: Runner thread for executor app-20210301132635-0002/0 interrupted
21/03/01 13:27:15 INFO ExecutorRunner: Killing process!
21/03/01 13:27:15 INFO ExecutorRunner: Runner thread for executor app-20210301132635-0002/1 interrupted
21/03/01 13:27:15 INFO ExecutorRunner: Killing process!
21/03/01 13:27:15 INFO Worker: Executor app-20210301132635-0002/0 finished with state KILLED exitStatus 143
21/03/01 13:27:15 INFO ExternalShuffleBlockResolver: Clean up non-shuffle and non-RDD files associated with the finished executor 0
21/03/01 13:27:15 INFO ExternalShuffleBlockResolver: Executor is not registered (appId=app-20210301132635-0002, execId=0)
21/03/01 13:27:15 INFO ExternalShuffleBlockResolver: Application app-20210301132635-0002 removed, cleanupLocalDirs = true
21/03/01 13:27:15 INFO Worker: Cleaning up local directories for application app-20210301132635-0002
21/03/01 13:27:15 INFO Worker: Executor app-20210301132635-0002/2 finished with state KILLED exitStatus 143
21/03/01 13:27:15 INFO ExternalShuffleBlockResolver: Clean up non-shuffle and non-RDD files associated with the finished executor 2
21/03/01 13:27:15 INFO ExternalShuffleBlockResolver: Executor is not registered (appId=app-20210301132635-0002, execId=2)
21/03/01 13:27:15 INFO ExternalShuffleBlockResolver: Application app-20210301132635-0002 removed, cleanupLocalDirs = true
21/03/01 13:27:15 INFO Worker: Cleaning up local directories for application app-20210301132635-0002
21/03/01 13:27:15 INFO Worker: Executor app-20210301132635-0002/1 finished with state KILLED exitStatus 143
21/03/01 13:27:15 INFO ExternalShuffleBlockResolver: Clean up non-shuffle and non-RDD files associated with the finished executor 1
21/03/01 13:27:15 INFO ExternalShuffleBlockResolver: Executor is not registered (appId=app-20210301132635-0002, execId=1)
21/03/01 13:27:15 INFO ExternalShuffleBlockResolver: Application app-20210301132635-0002 removed, cleanupLocalDirs = true
21/03/01 13:27:15 INFO Worker: Cleaning up local directories for application app-20210301132635-0002
21/03/01 13:27:28 INFO Worker: Asked to launch executor app-20210301132728-0003/0 for pyspark-shell
21/03/01 13:27:28 INFO Worker: Asked to launch executor app-20210301132728-0003/2 for pyspark-shell
21/03/01 13:27:28 INFO Worker: Asked to launch executor app-20210301132728-0003/1 for pyspark-shell
21/03/01 13:27:28 INFO SecurityManager: Changing view acls to: laal
21/03/01 13:27:28 INFO SecurityManager: Changing modify acls to: laal
21/03/01 13:27:28 INFO SecurityManager: Changing view acls groups to: 
21/03/01 13:27:28 INFO SecurityManager: Changing modify acls groups to: 
21/03/01 13:27:28 INFO SecurityManager: SecurityManager: authentication disabled; ui acls disabled; users  with view permissions: Set(laal); groups with view permissions: Set(); users  with modify permissions: Set(laal); groups with modify permissions: Set()
21/03/01 13:27:28 INFO SecurityManager: Changing view acls to: laal
21/03/01 13:27:28 INFO SecurityManager: Changing modify acls to: laal
21/03/01 13:27:28 INFO SecurityManager: Changing view acls groups to: 
21/03/01 13:27:28 INFO SecurityManager: Changing modify acls groups to: 
21/03/01 13:27:28 INFO SecurityManager: SecurityManager: authentication disabled; ui acls disabled; users  with view permissions: Set(laal); groups with view permissions: Set(); users  with modify permissions: Set(laal); groups with modify permissions: Set()
21/03/01 13:27:28 INFO SecurityManager: Changing view acls to: laal
21/03/01 13:27:28 INFO SecurityManager: Changing modify acls to: laal
21/03/01 13:27:28 INFO SecurityManager: Changing view acls groups to: 
21/03/01 13:27:28 INFO SecurityManager: Changing modify acls groups to: 
21/03/01 13:27:28 INFO SecurityManager: SecurityManager: authentication disabled; ui acls disabled; users  with view permissions: Set(laal); groups with view permissions: Set(); users  with modify permissions: Set(laal); groups with modify permissions: Set()
21/03/01 13:27:28 INFO ExecutorRunner: Launch command: "/usr/lib/jvm/java-1.8.0-openjdk-1.8.0.242.b08-0.el7_7.x86_64/bin/java" "-cp" "/home/laal/MAG/spark-3.0.2-bin-hadoop2.7/conf/:/home/laal/MAG/spark-3.0.2-bin-hadoop2.7/jars/*" "-Xmx16000M" "-Dspark.driver.port=43571" "org.apache.spark.executor.CoarseGrainedExecutorBackend" "--driver-url" "spark://CoarseGrainedScheduler@desktop4.hpc.itu.dk:43571" "--executor-id" "1" "--hostname" "172.16.16.101" "--cores" "4" "--app-id" "app-20210301132728-0003" "--worker-url" "spark://Worker@172.16.16.101:39718"
21/03/01 13:27:28 INFO ExecutorRunner: Launch command: "/usr/lib/jvm/java-1.8.0-openjdk-1.8.0.242.b08-0.el7_7.x86_64/bin/java" "-cp" "/home/laal/MAG/spark-3.0.2-bin-hadoop2.7/conf/:/home/laal/MAG/spark-3.0.2-bin-hadoop2.7/jars/*" "-Xmx16000M" "-Dspark.driver.port=43571" "org.apache.spark.executor.CoarseGrainedExecutorBackend" "--driver-url" "spark://CoarseGrainedScheduler@desktop4.hpc.itu.dk:43571" "--executor-id" "0" "--hostname" "172.16.16.102" "--cores" "4" "--app-id" "app-20210301132728-0003" "--worker-url" "spark://Worker@172.16.16.102:44200"
21/03/01 13:27:28 INFO ExecutorRunner: Launch command: "/usr/lib/jvm/java-1.8.0-openjdk-1.8.0.242.b08-0.el7_7.x86_64/bin/java" "-cp" "/home/laal/MAG/spark-3.0.2-bin-hadoop2.7/conf/:/home/laal/MAG/spark-3.0.2-bin-hadoop2.7/jars/*" "-Xmx16000M" "-Dspark.driver.port=43571" "org.apache.spark.executor.CoarseGrainedExecutorBackend" "--driver-url" "spark://CoarseGrainedScheduler@desktop4.hpc.itu.dk:43571" "--executor-id" "2" "--hostname" "172.16.16.103" "--cores" "4" "--app-id" "app-20210301132728-0003" "--worker-url" "spark://Worker@172.16.16.103:41270"
