Running on desktop1:
INFO:sparkhpc.sparkjob:master command: /home/laal/MAG/spark-3.0.2-bin-hadoop2.7/sbin/start-master.sh
INFO:sparkhpc.sparkjob:[[92mstart_cluster] [0mmaster running at spark://desktop1:7077
INFO:sparkhpc.sparkjob:[[92mstart_cluster] [0mmaster UI available at http://desktop1.hpc.itu.dk:8080
I GOT THE SCHEDULER
slurm
master_command: /home/laal/MAG/spark-3.0.2-bin-hadoop2.7/sbin/start-master.sh
['desktop1']
INFO:sparkhpc.sparkjob:slaves command: srun /home/laal/MAG/spark-3.0.2-bin-hadoop2.7/sbin/start-slave.sh spark://desktop1:7077 -c 1
starting org.apache.spark.deploy.worker.Worker, logging to /home/laal/MAG/spark-3.0.2-bin-hadoop2.7/logs/spark-laal-org.apache.spark.deploy.worker.Worker-1-desktop1.out
Spark Command: /usr/lib/jvm/java-1.8.0-openjdk-1.8.0.242.b08-0.el7_7.x86_64/bin/java -cp /home/laal/MAG/spark-3.0.2-bin-hadoop2.7/conf/:/home/laal/MAG/spark-3.0.2-bin-hadoop2.7/jars/* -Xmx1g org.apache.spark.deploy.worker.Worker --webui-port 8081 spark://desktop1:7077 -c 1
========================================
Using Spark's default log4j profile: org/apache/spark/log4j-defaults.properties
21/02/25 10:01:52 INFO Worker: Started daemon with process name: 27920@desktop1
21/02/25 10:01:52 INFO SignalUtils: Registered signal handler for TERM
21/02/25 10:01:52 INFO SignalUtils: Registered signal handler for HUP
21/02/25 10:01:52 INFO SignalUtils: Registered signal handler for INT
21/02/25 10:01:52 WARN Utils: Your hostname, desktop1 resolves to a loopback address: 127.0.0.1; using 172.16.16.101 instead (on interface eno1)
21/02/25 10:01:52 WARN Utils: Set SPARK_LOCAL_IP if you need to bind to another address
21/02/25 10:01:53 WARN NativeCodeLoader: Unable to load native-hadoop library for your platform... using builtin-java classes where applicable
21/02/25 10:01:53 INFO SecurityManager: Changing view acls to: laal
21/02/25 10:01:53 INFO SecurityManager: Changing modify acls to: laal
21/02/25 10:01:53 INFO SecurityManager: Changing view acls groups to: 
21/02/25 10:01:53 INFO SecurityManager: Changing modify acls groups to: 
21/02/25 10:01:53 INFO SecurityManager: SecurityManager: authentication disabled; ui acls disabled; users  with view permissions: Set(laal); groups with view permissions: Set(); users  with modify permissions: Set(laal); groups with modify permissions: Set()
21/02/25 10:01:53 INFO Utils: Successfully started service 'sparkWorker' on port 43952.
21/02/25 10:01:53 INFO Worker: Starting Spark worker 172.16.16.101:43952 with 1 cores, 2000.0 MiB RAM
21/02/25 10:01:53 INFO Worker: Running Spark version 3.0.2
21/02/25 10:01:53 INFO Worker: Spark home: /home/laal/MAG/spark-3.0.2-bin-hadoop2.7
21/02/25 10:01:53 INFO ResourceUtils: ==============================================================
21/02/25 10:01:53 INFO ResourceUtils: Resources for spark.worker:

21/02/25 10:01:53 INFO ResourceUtils: ==============================================================
21/02/25 10:01:53 INFO Utils: Successfully started service 'WorkerUI' on port 8081.
21/02/25 10:01:53 INFO WorkerWebUI: Bound WorkerWebUI to 0.0.0.0, and started at http://desktop1.hpc.itu.dk:8081
21/02/25 10:01:53 INFO Worker: Connecting to master desktop1:7077...
21/02/25 10:01:53 INFO TransportClientFactory: Successfully created connection to desktop1/127.0.0.1:7077 after 23 ms (0 ms spent in bootstraps)
21/02/25 10:01:53 INFO Worker: Successfully registered with master spark://desktop1:7077
srun: Job step aborted: Waiting up to 32 seconds for job step to finish.
slurmstepd: error: *** JOB 35684 ON desktop1 CANCELLED AT 2021-02-25T10:08:14 ***
slurmstepd: error: *** STEP 35684.1 ON desktop1 CANCELLED AT 2021-02-25T10:08:14 ***
